[2015-06-09 09:22:19] production.ERROR: exception 'ReflectionException' with message 'Class bootingCallbacks does not exist' in /home/dede/Projets/IlluminatoShop/vendor/illuminate/container/Container.php:776
Stack trace:
#0 /home/dede/Projets/IlluminatoShop/vendor/illuminate/container/Container.php(776): ReflectionClass->__construct('bootingCallback...')
#1 /home/dede/Projets/IlluminatoShop/vendor/illuminate/container/Container.php(656): Illuminate\Container\Container->build('bootingCallback...', Array)
#2 /home/dede/Projets/IlluminatoShop/vendor/illuminate/container/Container.php(1231): Illuminate\Container\Container->make('bootingCallback...')
#3 /home/dede/Projets/IlluminatoShop/vendor/illuminate/container/Container.php(1276): Illuminate\Container\Container->offsetGet('bootingCallback...')
#4 /home/dede/Projets/IlluminatoShop/src/Application.php(281): Illuminate\Container\Container->__get('bootingCallback...')
#5 /home/dede/Projets/IlluminatoShop/src/BootProviders.php(15): Illuminato\Application->boot()
#6 /home/dede/Projets/IlluminatoShop/src/Application.php(215): Illuminato\BootProviders->bootstrap(Object(Illuminato\Application))
#7 /home/dede/Projets/IlluminatoShop/src/Kernel.php(199): Illuminato\Application->bootstrapWith(Array)
#8 /home/dede/Projets/IlluminatoShop/src/Kernel.php(110): Illuminato\Kernel->bootstrap()
#9 /home/dede/Projets/IlluminatoShop/src/Kernel.php(84): Illuminato\Kernel->sendRequestThroughRouter(Object(Illuminate\Http\Request))
#10 /home/dede/Projets/IlluminatoShop/illuminato.php(58): Illuminato\Kernel->handle(Object(Illuminate\Http\Request))
#11 /home/dede/Projets/prestashop/classes/module/Module.php(1032): include_once('/home/dede/Proj...')
#12 /home/dede/Projets/prestashop/classes/module/Module.php(1696): ModuleCore::getInstanceByName('illuminato')
#13 /home/dede/Projets/prestashop/classes/module/Module.php(1650): ModuleCore::checkModuleFromAddonsApi('illuminato')
#14 /home/dede/Projets/prestashop/classes/module/Module.php(1561): ModuleCore::generateTrustedXml()
#15 /home/dede/Projets/prestashop/classes/module/Module.php(1263): ModuleCore::isModuleTrusted('bankwire')
#16 /home/dede/Projets/prestashop/controllers/admin/AdminModulesController.php(1394): ModuleCore::getModulesOnDisk(true, false, 1)
#17 /home/dede/Projets/prestashop/classes/controller/Controller.php(180): AdminModulesControllerCore->initContent()
#18 /home/dede/Projets/prestashop/classes/Dispatcher.php(373): ControllerCore->run()
#19 /home/dede/Projets/prestashop/AdM/index.php(54): DispatcherCore->dispatch()
#20 {main}  
[2015-06-09 09:22:20] production.ERROR: exception 'ReflectionException' with message 'Class bootingCallbacks does not exist' in /home/dede/Projets/IlluminatoShop/vendor/illuminate/container/Container.php:776
Stack trace:
#0 /home/dede/Projets/IlluminatoShop/vendor/illuminate/container/Container.php(776): ReflectionClass->__construct('bootingCallback...')
#1 /home/dede/Projets/IlluminatoShop/vendor/illuminate/container/Container.php(656): Illuminate\Container\Container->build('bootingCallback...', Array)
#2 /home/dede/Projets/IlluminatoShop/vendor/illuminate/container/Container.php(1231): Illuminate\Container\Container->make('bootingCallback...')
#3 /home/dede/Projets/IlluminatoShop/vendor/illuminate/container/Container.php(1276): Illuminate\Container\Container->offsetGet('bootingCallback...')
#4 /home/dede/Projets/IlluminatoShop/src/Application.php(281): Illuminate\Container\Container->__get('bootingCallback...')
#5 /home/dede/Projets/IlluminatoShop/src/BootProviders.php(15): Illuminato\Application->boot()
#6 /home/dede/Projets/IlluminatoShop/src/Application.php(215): Illuminato\BootProviders->bootstrap(Object(Illuminato\Application))
#7 /home/dede/Projets/IlluminatoShop/src/Kernel.php(199): Illuminato\Application->bootstrapWith(Array)
#8 /home/dede/Projets/IlluminatoShop/src/Kernel.php(110): Illuminato\Kernel->bootstrap()
#9 /home/dede/Projets/IlluminatoShop/src/Kernel.php(84): Illuminato\Kernel->sendRequestThroughRouter(Object(Illuminate\Http\Request))
#10 /home/dede/Projets/IlluminatoShop/illuminato.php(58): Illuminato\Kernel->handle(Object(Illuminate\Http\Request))
#11 /home/dede/Projets/prestashop/classes/module/Module.php(1240): require_once('/home/dede/Proj...')
#12 /home/dede/Projets/prestashop/controllers/admin/AdminStatsController.php(117): ModuleCore::getModulesOnDisk(true, false, 1)
#13 /home/dede/Projets/prestashop/controllers/admin/AdminStatsController.php(567): AdminStatsControllerCore::getModulesToUpdate()
#14 /home/dede/Projets/prestashop/classes/controller/Controller.php(193): AdminStatsControllerCore->displayAjaxGetKpi()
#15 /home/dede/Projets/prestashop/classes/Dispatcher.php(373): ControllerCore->run()
#16 /home/dede/Projets/prestashop/AdM/index.php(54): DispatcherCore->dispatch()
#17 {main}  
[2015-06-09 09:22:21] production.ERROR: exception 'ReflectionException' with message 'Class bootingCallbacks does not exist' in /home/dede/Projets/IlluminatoShop/vendor/illuminate/container/Container.php:776
Stack trace:
#0 /home/dede/Projets/IlluminatoShop/vendor/illuminate/container/Container.php(776): ReflectionClass->__construct('bootingCallback...')
#1 /home/dede/Projets/IlluminatoShop/vendor/illuminate/container/Container.php(656): Illuminate\Container\Container->build('bootingCallback...', Array)
#2 /home/dede/Projets/IlluminatoShop/vendor/illuminate/container/Container.php(1231): Illuminate\Container\Container->make('bootingCallback...')
#3 /home/dede/Projets/IlluminatoShop/vendor/illuminate/container/Container.php(1276): Illuminate\Container\Container->offsetGet('bootingCallback...')
#4 /home/dede/Projets/IlluminatoShop/src/Application.php(281): Illuminate\Container\Container->__get('bootingCallback...')
#5 /home/dede/Projets/IlluminatoShop/src/BootProviders.php(15): Illuminato\Application->boot()
#6 /home/dede/Projets/IlluminatoShop/src/Application.php(215): Illuminato\BootProviders->bootstrap(Object(Illuminato\Application))
#7 /home/dede/Projets/IlluminatoShop/src/Kernel.php(199): Illuminato\Application->bootstrapWith(Array)
#8 /home/dede/Projets/IlluminatoShop/src/Kernel.php(110): Illuminato\Kernel->bootstrap()
#9 /home/dede/Projets/IlluminatoShop/src/Kernel.php(84): Illuminato\Kernel->sendRequestThroughRouter(Object(Illuminate\Http\Request))
#10 /home/dede/Projets/IlluminatoShop/illuminato.php(58): Illuminato\Kernel->handle(Object(Illuminate\Http\Request))
#11 /home/dede/Projets/prestashop/classes/module/Module.php(1240): require_once('/home/dede/Proj...')
#12 /home/dede/Projets/prestashop/controllers/admin/AdminModulesController.php(1394): ModuleCore::getModulesOnDisk(true, false, 1)
#13 /home/dede/Projets/prestashop/classes/controller/Controller.php(180): AdminModulesControllerCore->initContent()
#14 /home/dede/Projets/prestashop/classes/Dispatcher.php(373): ControllerCore->run()
#15 /home/dede/Projets/prestashop/AdM/ajax-tab.php(43): DispatcherCore->dispatch()
#16 {main}  
[2015-06-09 09:29:38] production.ERROR: exception 'ReflectionException' with message 'Class bootingCallbacks does not exist' in /home/dede/Projets/IlluminatoShop/vendor/illuminate/container/Container.php:776
Stack trace:
#0 /home/dede/Projets/IlluminatoShop/vendor/illuminate/container/Container.php(776): ReflectionClass->__construct('bootingCallback...')
#1 /home/dede/Projets/IlluminatoShop/vendor/illuminate/container/Container.php(656): Illuminate\Container\Container->build('bootingCallback...', Array)
#2 /home/dede/Projets/IlluminatoShop/vendor/illuminate/container/Container.php(1231): Illuminate\Container\Container->make('bootingCallback...')
#3 /home/dede/Projets/IlluminatoShop/vendor/illuminate/container/Container.php(1276): Illuminate\Container\Container->offsetGet('bootingCallback...')
#4 /home/dede/Projets/IlluminatoShop/src/Application.php(281): Illuminate\Container\Container->__get('bootingCallback...')
#5 /home/dede/Projets/IlluminatoShop/src/BootProviders.php(15): Illuminato\Application->boot()
#6 /home/dede/Projets/IlluminatoShop/src/Application.php(215): Illuminato\BootProviders->bootstrap(Object(Illuminato\Application))
#7 /home/dede/Projets/IlluminatoShop/src/Kernel.php(199): Illuminato\Application->bootstrapWith(Array)
#8 /home/dede/Projets/IlluminatoShop/src/Kernel.php(110): Illuminato\Kernel->bootstrap()
#9 /home/dede/Projets/IlluminatoShop/src/Kernel.php(84): Illuminato\Kernel->sendRequestThroughRouter(Object(Illuminate\Http\Request))
#10 /home/dede/Projets/IlluminatoShop/illuminato.php(58): Illuminato\Kernel->handle(Object(Illuminate\Http\Request))
#11 /home/dede/Projets/prestashop/classes/module/Module.php(1240): require_once('/home/dede/Proj...')
#12 /home/dede/Projets/prestashop/controllers/admin/AdminModulesController.php(1394): ModuleCore::getModulesOnDisk(true, false, 1)
#13 /home/dede/Projets/prestashop/classes/controller/Controller.php(180): AdminModulesControllerCore->initContent()
#14 /home/dede/Projets/prestashop/classes/Dispatcher.php(373): ControllerCore->run()
#15 /home/dede/Projets/prestashop/AdM/index.php(54): DispatcherCore->dispatch()
#16 {main}  
[2015-06-09 09:29:38] production.ERROR: exception 'Symfony\Component\Debug\Exception\FatalErrorException' with message 'Call to undefined method Illuminate\Support\Facades\Validator::make()' in /home/dede/Projets/IlluminatoShop/vendor/illuminate/support/Facades/Facade.php:213
Stack trace:
#0 {main}  
[2015-06-09 09:30:34] production.ERROR: exception 'ReflectionException' with message 'Class bootingCallbacks does not exist' in /home/dede/Projets/IlluminatoShop/vendor/illuminate/container/Container.php:776
Stack trace:
#0 /home/dede/Projets/IlluminatoShop/vendor/illuminate/container/Container.php(776): ReflectionClass->__construct('bootingCallback...')
#1 /home/dede/Projets/IlluminatoShop/vendor/illuminate/container/Container.php(656): Illuminate\Container\Container->build('bootingCallback...', Array)
#2 /home/dede/Projets/IlluminatoShop/vendor/illuminate/container/Container.php(1231): Illuminate\Container\Container->make('bootingCallback...')
#3 /home/dede/Projets/IlluminatoShop/vendor/illuminate/container/Container.php(1276): Illuminate\Container\Container->offsetGet('bootingCallback...')
#4 /home/dede/Projets/IlluminatoShop/src/Application.php(281): Illuminate\Container\Container->__get('bootingCallback...')
#5 /home/dede/Projets/IlluminatoShop/src/BootProviders.php(15): Illuminato\Application->boot()
#6 /home/dede/Projets/IlluminatoShop/src/Application.php(215): Illuminato\BootProviders->bootstrap(Object(Illuminato\Application))
#7 /home/dede/Projets/IlluminatoShop/src/Kernel.php(199): Illuminato\Application->bootstrapWith(Array)
#8 /home/dede/Projets/IlluminatoShop/src/Kernel.php(110): Illuminato\Kernel->bootstrap()
#9 /home/dede/Projets/IlluminatoShop/src/Kernel.php(84): Illuminato\Kernel->sendRequestThroughRouter(Object(Illuminate\Http\Request))
#10 /home/dede/Projets/IlluminatoShop/illuminato.php(58): Illuminato\Kernel->handle(Object(Illuminate\Http\Request))
#11 /home/dede/Projets/prestashop/classes/module/Module.php(1240): require_once('/home/dede/Proj...')
#12 /home/dede/Projets/prestashop/controllers/admin/AdminModulesController.php(1394): ModuleCore::getModulesOnDisk(true, false, 1)
#13 /home/dede/Projets/prestashop/classes/controller/Controller.php(180): AdminModulesControllerCore->initContent()
#14 /home/dede/Projets/prestashop/classes/Dispatcher.php(373): ControllerCore->run()
#15 /home/dede/Projets/prestashop/AdM/index.php(54): DispatcherCore->dispatch()
#16 {main}  
[2015-06-09 09:30:34] production.ERROR: exception 'Symfony\Component\Debug\Exception\FatalErrorException' with message 'Call to undefined method Illuminate\Support\Facades\Validator::make()' in /home/dede/Projets/IlluminatoShop/vendor/illuminate/support/Facades/Facade.php:213
Stack trace:
#0 {main}  
[2015-06-09 09:33:01] production.ERROR: exception 'ReflectionException' with message 'Class bootingCallbacks does not exist' in /home/dede/Projets/IlluminatoShop/vendor/illuminate/container/Container.php:776
Stack trace:
#0 /home/dede/Projets/IlluminatoShop/vendor/illuminate/container/Container.php(776): ReflectionClass->__construct('bootingCallback...')
#1 /home/dede/Projets/IlluminatoShop/vendor/illuminate/container/Container.php(656): Illuminate\Container\Container->build('bootingCallback...', Array)
#2 /home/dede/Projets/IlluminatoShop/vendor/illuminate/container/Container.php(1231): Illuminate\Container\Container->make('bootingCallback...')
#3 /home/dede/Projets/IlluminatoShop/vendor/illuminate/container/Container.php(1276): Illuminate\Container\Container->offsetGet('bootingCallback...')
#4 /home/dede/Projets/IlluminatoShop/src/Application.php(281): Illuminate\Container\Container->__get('bootingCallback...')
#5 /home/dede/Projets/IlluminatoShop/src/BootProviders.php(15): Illuminato\Application->boot()
#6 /home/dede/Projets/IlluminatoShop/src/Application.php(215): Illuminato\BootProviders->bootstrap(Object(Illuminato\Application))
#7 /home/dede/Projets/IlluminatoShop/src/Kernel.php(199): Illuminato\Application->bootstrapWith(Array)
#8 /home/dede/Projets/IlluminatoShop/src/Kernel.php(110): Illuminato\Kernel->bootstrap()
#9 /home/dede/Projets/IlluminatoShop/src/Kernel.php(84): Illuminato\Kernel->sendRequestThroughRouter(Object(Illuminate\Http\Request))
#10 /home/dede/Projets/IlluminatoShop/illuminato.php(58): Illuminato\Kernel->handle(Object(Illuminate\Http\Request))
#11 /home/dede/Projets/prestashop/classes/module/Module.php(1240): require_once('/home/dede/Proj...')
#12 /home/dede/Projets/prestashop/controllers/admin/AdminModulesController.php(1394): ModuleCore::getModulesOnDisk(true, false, 1)
#13 /home/dede/Projets/prestashop/classes/controller/Controller.php(180): AdminModulesControllerCore->initContent()
#14 /home/dede/Projets/prestashop/classes/Dispatcher.php(373): ControllerCore->run()
#15 /home/dede/Projets/prestashop/AdM/index.php(54): DispatcherCore->dispatch()
#16 {main}  
[2015-06-09 09:33:01] production.ERROR: exception 'Symfony\Component\Debug\Exception\FatalErrorException' with message 'Call to undefined method Illuminate\Support\Facades\Validator::make()' in /home/dede/Projets/IlluminatoShop/vendor/illuminate/support/Facades/Facade.php:213
Stack trace:
#0 {main}  
[2015-06-09 09:33:02] production.ERROR: exception 'ReflectionException' with message 'Class bootingCallbacks does not exist' in /home/dede/Projets/IlluminatoShop/vendor/illuminate/container/Container.php:776
Stack trace:
#0 /home/dede/Projets/IlluminatoShop/vendor/illuminate/container/Container.php(776): ReflectionClass->__construct('bootingCallback...')
#1 /home/dede/Projets/IlluminatoShop/vendor/illuminate/container/Container.php(656): Illuminate\Container\Container->build('bootingCallback...', Array)
#2 /home/dede/Projets/IlluminatoShop/vendor/illuminate/container/Container.php(1231): Illuminate\Container\Container->make('bootingCallback...')
#3 /home/dede/Projets/IlluminatoShop/vendor/illuminate/container/Container.php(1276): Illuminate\Container\Container->offsetGet('bootingCallback...')
#4 /home/dede/Projets/IlluminatoShop/src/Application.php(281): Illuminate\Container\Container->__get('bootingCallback...')
#5 /home/dede/Projets/IlluminatoShop/src/BootProviders.php(15): Illuminato\Application->boot()
#6 /home/dede/Projets/IlluminatoShop/src/Application.php(215): Illuminato\BootProviders->bootstrap(Object(Illuminato\Application))
#7 /home/dede/Projets/IlluminatoShop/src/Kernel.php(199): Illuminato\Application->bootstrapWith(Array)
#8 /home/dede/Projets/IlluminatoShop/src/Kernel.php(110): Illuminato\Kernel->bootstrap()
#9 /home/dede/Projets/IlluminatoShop/src/Kernel.php(84): Illuminato\Kernel->sendRequestThroughRouter(Object(Illuminate\Http\Request))
#10 /home/dede/Projets/IlluminatoShop/illuminato.php(58): Illuminato\Kernel->handle(Object(Illuminate\Http\Request))
#11 /home/dede/Projets/prestashop/classes/module/Module.php(1240): require_once('/home/dede/Proj...')
#12 /home/dede/Projets/prestashop/controllers/admin/AdminModulesController.php(1394): ModuleCore::getModulesOnDisk(true, false, 1)
#13 /home/dede/Projets/prestashop/classes/controller/Controller.php(180): AdminModulesControllerCore->initContent()
#14 /home/dede/Projets/prestashop/classes/Dispatcher.php(373): ControllerCore->run()
#15 /home/dede/Projets/prestashop/AdM/index.php(54): DispatcherCore->dispatch()
#16 {main}  
[2015-06-09 09:33:02] production.ERROR: exception 'Symfony\Component\Debug\Exception\FatalErrorException' with message 'Call to undefined method Illuminate\Support\Facades\Validator::make()' in /home/dede/Projets/IlluminatoShop/vendor/illuminate/support/Facades/Facade.php:213
Stack trace:
#0 {main}  
[2015-06-09 09:35:02] production.ERROR: exception 'Symfony\Component\Debug\Exception\FatalErrorException' with message 'Call to undefined method Illuminato\Application::getCachedServicesPath()' in /home/dede/Projets/IlluminatoShop/src/Application.php:228
Stack trace:
#0 {main}  
[2015-06-09 09:36:42] production.ERROR: exception 'ReflectionException' with message 'Class useStoragePathForOptimizations does not exist' in /home/dede/Projets/IlluminatoShop/vendor/illuminate/container/Container.php:776
Stack trace:
#0 /home/dede/Projets/IlluminatoShop/vendor/illuminate/container/Container.php(776): ReflectionClass->__construct('useStoragePathF...')
#1 /home/dede/Projets/IlluminatoShop/vendor/illuminate/container/Container.php(656): Illuminate\Container\Container->build('useStoragePathF...', Array)
#2 /home/dede/Projets/IlluminatoShop/vendor/illuminate/container/Container.php(1231): Illuminate\Container\Container->make('useStoragePathF...')
#3 /home/dede/Projets/IlluminatoShop/vendor/illuminate/container/Container.php(1276): Illuminate\Container\Container->offsetGet('useStoragePathF...')
#4 /home/dede/Projets/IlluminatoShop/src/Application.php(190): Illuminate\Container\Container->__get('useStoragePathF...')
#5 /home/dede/Projets/IlluminatoShop/src/Application.php(173): Illuminato\Application->vendorIsWritableForOptimizations()
#6 /home/dede/Projets/IlluminatoShop/src/Application.php(288): Illuminato\Application->getCachedServicesPath()
#7 /home/dede/Projets/IlluminatoShop/src/RegisterProviders.php(15): Illuminato\Application->registerConfiguredProviders()
#8 /home/dede/Projets/IlluminatoShop/src/Application.php(275): Illuminato\RegisterProviders->bootstrap(Object(Illuminato\Application))
#9 /home/dede/Projets/IlluminatoShop/src/Kernel.php(199): Illuminato\Application->bootstrapWith(Array)
#10 /home/dede/Projets/IlluminatoShop/src/Kernel.php(110): Illuminato\Kernel->bootstrap()
#11 /home/dede/Projets/IlluminatoShop/src/Kernel.php(84): Illuminato\Kernel->sendRequestThroughRouter(Object(Illuminate\Http\Request))
#12 /home/dede/Projets/IlluminatoShop/illuminato.php(58): Illuminato\Kernel->handle(Object(Illuminate\Http\Request))
#13 /home/dede/Projets/prestashop/classes/module/Module.php(1240): require_once('/home/dede/Proj...')
#14 /home/dede/Projets/prestashop/controllers/admin/AdminModulesController.php(1394): ModuleCore::getModulesOnDisk(true, false, 1)
#15 /home/dede/Projets/prestashop/classes/controller/Controller.php(180): AdminModulesControllerCore->initContent()
#16 /home/dede/Projets/prestashop/classes/Dispatcher.php(373): ControllerCore->run()
#17 /home/dede/Projets/prestashop/AdM/index.php(54): DispatcherCore->dispatch()
#18 {main}  
[2015-06-09 09:36:42] production.ERROR: exception 'Symfony\Component\Debug\Exception\FatalErrorException' with message 'Call to undefined method Illuminate\Support\Facades\Validator::make()' in /home/dede/Projets/IlluminatoShop/vendor/illuminate/support/Facades/Facade.php:213
Stack trace:
#0 {main}  
[2015-06-09 09:38:31] production.ERROR: exception 'ReflectionException' with message 'Class useStoragePathForOptimizations does not exist' in /home/dede/Projets/IlluminatoShop/vendor/illuminate/container/Container.php:776
Stack trace:
#0 /home/dede/Projets/IlluminatoShop/vendor/illuminate/container/Container.php(776): ReflectionClass->__construct('useStoragePathF...')
#1 /home/dede/Projets/IlluminatoShop/vendor/illuminate/container/Container.php(656): Illuminate\Container\Container->build('useStoragePathF...', Array)
#2 /home/dede/Projets/IlluminatoShop/vendor/illuminate/container/Container.php(1231): Illuminate\Container\Container->make('useStoragePathF...')
#3 /home/dede/Projets/IlluminatoShop/vendor/illuminate/container/Container.php(1276): Illuminate\Container\Container->offsetGet('useStoragePathF...')
#4 /home/dede/Projets/IlluminatoShop/src/Application.php(190): Illuminate\Container\Container->__get('useStoragePathF...')
#5 /home/dede/Projets/IlluminatoShop/src/Application.php(173): Illuminato\Application->vendorIsWritableForOptimizations()
#6 /home/dede/Projets/IlluminatoShop/src/Application.php(288): Illuminato\Application->getCachedServicesPath()
#7 /home/dede/Projets/IlluminatoShop/src/RegisterProviders.php(15): Illuminato\Application->registerConfiguredProviders()
#8 /home/dede/Projets/IlluminatoShop/src/Application.php(275): Illuminato\RegisterProviders->bootstrap(Object(Illuminato\Application))
#9 /home/dede/Projets/IlluminatoShop/src/Kernel.php(199): Illuminato\Application->bootstrapWith(Array)
#10 /home/dede/Projets/IlluminatoShop/src/Kernel.php(110): Illuminato\Kernel->bootstrap()
#11 /home/dede/Projets/IlluminatoShop/src/Kernel.php(84): Illuminato\Kernel->sendRequestThroughRouter(Object(Illuminate\Http\Request))
#12 /home/dede/Projets/IlluminatoShop/illuminato.php(58): Illuminato\Kernel->handle(Object(Illuminate\Http\Request))
#13 /home/dede/Projets/prestashop/classes/module/Module.php(1240): require_once('/home/dede/Proj...')
#14 /home/dede/Projets/prestashop/controllers/admin/AdminModulesController.php(1394): ModuleCore::getModulesOnDisk(true, false, 1)
#15 /home/dede/Projets/prestashop/classes/controller/Controller.php(180): AdminModulesControllerCore->initContent()
#16 /home/dede/Projets/prestashop/classes/Dispatcher.php(373): ControllerCore->run()
#17 /home/dede/Projets/prestashop/AdM/index.php(54): DispatcherCore->dispatch()
#18 {main}  
[2015-06-09 09:38:31] production.ERROR: exception 'Symfony\Component\Debug\Exception\FatalErrorException' with message 'Call to undefined method Illuminate\Support\Facades\Validator::make()' in /home/dede/Projets/IlluminatoShop/vendor/illuminate/support/Facades/Facade.php:213
Stack trace:
#0 {main}  
[2015-06-09 09:38:32] production.ERROR: exception 'ReflectionException' with message 'Class useStoragePathForOptimizations does not exist' in /home/dede/Projets/IlluminatoShop/vendor/illuminate/container/Container.php:776
Stack trace:
#0 /home/dede/Projets/IlluminatoShop/vendor/illuminate/container/Container.php(776): ReflectionClass->__construct('useStoragePathF...')
#1 /home/dede/Projets/IlluminatoShop/vendor/illuminate/container/Container.php(656): Illuminate\Container\Container->build('useStoragePathF...', Array)
#2 /home/dede/Projets/IlluminatoShop/vendor/illuminate/container/Container.php(1231): Illuminate\Container\Container->make('useStoragePathF...')
#3 /home/dede/Projets/IlluminatoShop/vendor/illuminate/container/Container.php(1276): Illuminate\Container\Container->offsetGet('useStoragePathF...')
#4 /home/dede/Projets/IlluminatoShop/src/Application.php(190): Illuminate\Container\Container->__get('useStoragePathF...')
#5 /home/dede/Projets/IlluminatoShop/src/Application.php(173): Illuminato\Application->vendorIsWritableForOptimizations()
#6 /home/dede/Projets/IlluminatoShop/src/Application.php(288): Illuminato\Application->getCachedServicesPath()
#7 /home/dede/Projets/IlluminatoShop/src/RegisterProviders.php(15): Illuminato\Application->registerConfiguredProviders()
#8 /home/dede/Projets/IlluminatoShop/src/Application.php(275): Illuminato\RegisterProviders->bootstrap(Object(Illuminato\Application))
#9 /home/dede/Projets/IlluminatoShop/src/Kernel.php(199): Illuminato\Application->bootstrapWith(Array)
#10 /home/dede/Projets/IlluminatoShop/src/Kernel.php(110): Illuminato\Kernel->bootstrap()
#11 /home/dede/Projets/IlluminatoShop/src/Kernel.php(84): Illuminato\Kernel->sendRequestThroughRouter(Object(Illuminate\Http\Request))
#12 /home/dede/Projets/IlluminatoShop/illuminato.php(58): Illuminato\Kernel->handle(Object(Illuminate\Http\Request))
#13 /home/dede/Projets/prestashop/classes/module/Module.php(1240): require_once('/home/dede/Proj...')
#14 /home/dede/Projets/prestashop/controllers/admin/AdminModulesController.php(1394): ModuleCore::getModulesOnDisk(true, false, 1)
#15 /home/dede/Projets/prestashop/classes/controller/Controller.php(180): AdminModulesControllerCore->initContent()
#16 /home/dede/Projets/prestashop/classes/Dispatcher.php(373): ControllerCore->run()
#17 /home/dede/Projets/prestashop/AdM/index.php(54): DispatcherCore->dispatch()
#18 {main}  
[2015-06-09 09:38:32] production.ERROR: exception 'Symfony\Component\Debug\Exception\FatalErrorException' with message 'Call to undefined method Illuminate\Support\Facades\Validator::make()' in /home/dede/Projets/IlluminatoShop/vendor/illuminate/support/Facades/Facade.php:213
Stack trace:
#0 {main}  
[2015-06-09 09:39:39] production.ERROR: exception 'ReflectionException' with message 'Class useStoragePathForOptimizations does not exist' in /home/dede/Projets/IlluminatoShop/vendor/illuminate/container/Container.php:776
Stack trace:
#0 /home/dede/Projets/IlluminatoShop/vendor/illuminate/container/Container.php(776): ReflectionClass->__construct('useStoragePathF...')
#1 /home/dede/Projets/IlluminatoShop/vendor/illuminate/container/Container.php(656): Illuminate\Container\Container->build('useStoragePathF...', Array)
#2 /home/dede/Projets/IlluminatoShop/vendor/illuminate/container/Container.php(1231): Illuminate\Container\Container->make('useStoragePathF...')
#3 /home/dede/Projets/IlluminatoShop/vendor/illuminate/container/Container.php(1276): Illuminate\Container\Container->offsetGet('useStoragePathF...')
#4 /home/dede/Projets/IlluminatoShop/src/Application.php(190): Illuminate\Container\Container->__get('useStoragePathF...')
#5 /home/dede/Projets/IlluminatoShop/src/Application.php(173): Illuminato\Application->vendorIsWritableForOptimizations()
#6 /home/dede/Projets/IlluminatoShop/src/Application.php(288): Illuminato\Application->getCachedServicesPath()
#7 /home/dede/Projets/IlluminatoShop/src/RegisterProviders.php(15): Illuminato\Application->registerConfiguredProviders()
#8 /home/dede/Projets/IlluminatoShop/src/Application.php(275): Illuminato\RegisterProviders->bootstrap(Object(Illuminato\Application))
#9 /home/dede/Projets/IlluminatoShop/src/Kernel.php(199): Illuminato\Application->bootstrapWith(Array)
#10 /home/dede/Projets/IlluminatoShop/src/Kernel.php(110): Illuminato\Kernel->bootstrap()
#11 /home/dede/Projets/IlluminatoShop/src/Kernel.php(84): Illuminato\Kernel->sendRequestThroughRouter(Object(Illuminate\Http\Request))
#12 /home/dede/Projets/IlluminatoShop/illuminato.php(58): Illuminato\Kernel->handle(Object(Illuminate\Http\Request))
#13 /home/dede/Projets/prestashop/classes/module/Module.php(1240): require_once('/home/dede/Proj...')
#14 /home/dede/Projets/prestashop/controllers/admin/AdminModulesController.php(1394): ModuleCore::getModulesOnDisk(true, false, 1)
#15 /home/dede/Projets/prestashop/classes/controller/Controller.php(180): AdminModulesControllerCore->initContent()
#16 /home/dede/Projets/prestashop/classes/Dispatcher.php(373): ControllerCore->run()
#17 /home/dede/Projets/prestashop/AdM/index.php(54): DispatcherCore->dispatch()
#18 {main}  
[2015-06-09 09:39:39] production.ERROR: exception 'Symfony\Component\Debug\Exception\FatalErrorException' with message 'Call to undefined method Illuminate\Support\Facades\Validator::make()' in /home/dede/Projets/IlluminatoShop/vendor/illuminate/support/Facades/Facade.php:213
Stack trace:
#0 {main}  
[2015-06-09 09:40:09] production.ERROR: exception 'Symfony\Component\Debug\Exception\FatalErrorException' with message 'Cannot use Illuminate\Contracts\Foundation\Application as Application because the name is already in use' in /home/dede/Projets/IlluminatoShop/src/RegisterProviders.php:3
Stack trace:
#0 {main}  
[2015-06-09 09:40:35] production.ERROR: exception 'ReflectionException' with message 'Class useStoragePathForOptimizations does not exist' in /home/dede/Projets/IlluminatoShop/vendor/illuminate/container/Container.php:776
Stack trace:
#0 /home/dede/Projets/IlluminatoShop/vendor/illuminate/container/Container.php(776): ReflectionClass->__construct('useStoragePathF...')
#1 /home/dede/Projets/IlluminatoShop/vendor/illuminate/container/Container.php(656): Illuminate\Container\Container->build('useStoragePathF...', Array)
#2 /home/dede/Projets/IlluminatoShop/vendor/illuminate/container/Container.php(1231): Illuminate\Container\Container->make('useStoragePathF...')
#3 /home/dede/Projets/IlluminatoShop/vendor/illuminate/container/Container.php(1276): Illuminate\Container\Container->offsetGet('useStoragePathF...')
#4 /home/dede/Projets/IlluminatoShop/src/Application.php(190): Illuminate\Container\Container->__get('useStoragePathF...')
#5 /home/dede/Projets/IlluminatoShop/src/Application.php(173): Illuminato\Application->vendorIsWritableForOptimizations()
#6 /home/dede/Projets/IlluminatoShop/src/Application.php(288): Illuminato\Application->getCachedServicesPath()
#7 /home/dede/Projets/IlluminatoShop/src/RegisterProviders.php(16): Illuminato\Application->registerConfiguredProviders()
#8 /home/dede/Projets/IlluminatoShop/src/Application.php(275): Illuminato\RegisterProviders->bootstrap(Object(Illuminato\Application))
#9 /home/dede/Projets/IlluminatoShop/src/Kernel.php(199): Illuminato\Application->bootstrapWith(Array)
#10 /home/dede/Projets/IlluminatoShop/src/Kernel.php(110): Illuminato\Kernel->bootstrap()
#11 /home/dede/Projets/IlluminatoShop/src/Kernel.php(84): Illuminato\Kernel->sendRequestThroughRouter(Object(Illuminate\Http\Request))
#12 /home/dede/Projets/IlluminatoShop/illuminato.php(58): Illuminato\Kernel->handle(Object(Illuminate\Http\Request))
#13 /home/dede/Projets/prestashop/classes/module/Module.php(1240): require_once('/home/dede/Proj...')
#14 /home/dede/Projets/prestashop/controllers/admin/AdminModulesController.php(1394): ModuleCore::getModulesOnDisk(true, false, 1)
#15 /home/dede/Projets/prestashop/classes/controller/Controller.php(180): AdminModulesControllerCore->initContent()
#16 /home/dede/Projets/prestashop/classes/Dispatcher.php(373): ControllerCore->run()
#17 /home/dede/Projets/prestashop/AdM/index.php(54): DispatcherCore->dispatch()
#18 {main}  
[2015-06-09 09:40:35] production.ERROR: exception 'Symfony\Component\Debug\Exception\FatalErrorException' with message 'Call to undefined method Illuminate\Support\Facades\Validator::make()' in /home/dede/Projets/IlluminatoShop/vendor/illuminate/support/Facades/Facade.php:213
Stack trace:
#0 {main}  
[2015-06-09 09:40:57] production.ERROR: exception 'ReflectionException' with message 'Class useStoragePathForOptimizations does not exist' in /home/dede/Projets/IlluminatoShop/vendor/illuminate/container/Container.php:776
Stack trace:
#0 /home/dede/Projets/IlluminatoShop/vendor/illuminate/container/Container.php(776): ReflectionClass->__construct('useStoragePathF...')
#1 /home/dede/Projets/IlluminatoShop/vendor/illuminate/container/Container.php(656): Illuminate\Container\Container->build('useStoragePathF...', Array)
#2 /home/dede/Projets/IlluminatoShop/vendor/illuminate/container/Container.php(1231): Illuminate\Container\Container->make('useStoragePathF...')
#3 /home/dede/Projets/IlluminatoShop/vendor/illuminate/container/Container.php(1276): Illuminate\Container\Container->offsetGet('useStoragePathF...')
#4 /home/dede/Projets/IlluminatoShop/src/Application.php(190): Illuminate\Container\Container->__get('useStoragePathF...')
#5 /home/dede/Projets/IlluminatoShop/src/Application.php(173): Illuminato\Application->vendorIsWritableForOptimizations()
#6 /home/dede/Projets/IlluminatoShop/src/Application.php(288): Illuminato\Application->getCachedServicesPath()
#7 /home/dede/Projets/IlluminatoShop/src/RegisterProviders.php(16): Illuminato\Application->registerConfiguredProviders()
#8 /home/dede/Projets/IlluminatoShop/src/Application.php(275): Illuminato\RegisterProviders->bootstrap(Object(Illuminato\Application))
#9 /home/dede/Projets/IlluminatoShop/src/Kernel.php(199): Illuminato\Application->bootstrapWith(Array)
#10 /home/dede/Projets/IlluminatoShop/src/Kernel.php(110): Illuminato\Kernel->bootstrap()
#11 /home/dede/Projets/IlluminatoShop/src/Kernel.php(84): Illuminato\Kernel->sendRequestThroughRouter(Object(Illuminate\Http\Request))
#12 /home/dede/Projets/IlluminatoShop/illuminato.php(58): Illuminato\Kernel->handle(Object(Illuminate\Http\Request))
#13 /home/dede/Projets/prestashop/classes/module/Module.php(1240): require_once('/home/dede/Proj...')
#14 /home/dede/Projets/prestashop/controllers/admin/AdminModulesController.php(1394): ModuleCore::getModulesOnDisk(true, false, 1)
#15 /home/dede/Projets/prestashop/classes/controller/Controller.php(180): AdminModulesControllerCore->initContent()
#16 /home/dede/Projets/prestashop/classes/Dispatcher.php(373): ControllerCore->run()
#17 /home/dede/Projets/prestashop/AdM/index.php(54): DispatcherCore->dispatch()
#18 {main}  
[2015-06-09 09:40:57] production.ERROR: exception 'Symfony\Component\Debug\Exception\FatalErrorException' with message 'Call to undefined method Illuminate\Support\Facades\Validator::make()' in /home/dede/Projets/IlluminatoShop/vendor/illuminate/support/Facades/Facade.php:213
Stack trace:
#0 {main}  
[2015-06-09 09:40:58] production.ERROR: exception 'ReflectionException' with message 'Class useStoragePathForOptimizations does not exist' in /home/dede/Projets/IlluminatoShop/vendor/illuminate/container/Container.php:776
Stack trace:
#0 /home/dede/Projets/IlluminatoShop/vendor/illuminate/container/Container.php(776): ReflectionClass->__construct('useStoragePathF...')
#1 /home/dede/Projets/IlluminatoShop/vendor/illuminate/container/Container.php(656): Illuminate\Container\Container->build('useStoragePathF...', Array)
#2 /home/dede/Projets/IlluminatoShop/vendor/illuminate/container/Container.php(1231): Illuminate\Container\Container->make('useStoragePathF...')
#3 /home/dede/Projets/IlluminatoShop/vendor/illuminate/container/Container.php(1276): Illuminate\Container\Container->offsetGet('useStoragePathF...')
#4 /home/dede/Projets/IlluminatoShop/src/Application.php(190): Illuminate\Container\Container->__get('useStoragePathF...')
#5 /home/dede/Projets/IlluminatoShop/src/Application.php(173): Illuminato\Application->vendorIsWritableForOptimizations()
#6 /home/dede/Projets/IlluminatoShop/src/Application.php(288): Illuminato\Application->getCachedServicesPath()
#7 /home/dede/Projets/IlluminatoShop/src/RegisterProviders.php(16): Illuminato\Application->registerConfiguredProviders()
#8 /home/dede/Projets/IlluminatoShop/src/Application.php(275): Illuminato\RegisterProviders->bootstrap(Object(Illuminato\Application))
#9 /home/dede/Projets/IlluminatoShop/src/Kernel.php(199): Illuminato\Application->bootstrapWith(Array)
#10 /home/dede/Projets/IlluminatoShop/src/Kernel.php(110): Illuminato\Kernel->bootstrap()
#11 /home/dede/Projets/IlluminatoShop/src/Kernel.php(84): Illuminato\Kernel->sendRequestThroughRouter(Object(Illuminate\Http\Request))
#12 /home/dede/Projets/IlluminatoShop/illuminato.php(58): Illuminato\Kernel->handle(Object(Illuminate\Http\Request))
#13 /home/dede/Projets/prestashop/classes/module/Module.php(1240): require_once('/home/dede/Proj...')
#14 /home/dede/Projets/prestashop/controllers/admin/AdminModulesController.php(1394): ModuleCore::getModulesOnDisk(true, false, 1)
#15 /home/dede/Projets/prestashop/classes/controller/Controller.php(180): AdminModulesControllerCore->initContent()
#16 /home/dede/Projets/prestashop/classes/Dispatcher.php(373): ControllerCore->run()
#17 /home/dede/Projets/prestashop/AdM/index.php(54): DispatcherCore->dispatch()
#18 {main}  
[2015-06-09 09:40:58] production.ERROR: exception 'Symfony\Component\Debug\Exception\FatalErrorException' with message 'Call to undefined method Illuminate\Support\Facades\Validator::make()' in /home/dede/Projets/IlluminatoShop/vendor/illuminate/support/Facades/Facade.php:213
Stack trace:
#0 {main}  
[2015-06-09 09:41:13] production.ERROR: exception 'ReflectionException' with message 'Class useStoragePathForOptimizations does not exist' in /home/dede/Projets/IlluminatoShop/vendor/illuminate/container/Container.php:776
Stack trace:
#0 /home/dede/Projets/IlluminatoShop/vendor/illuminate/container/Container.php(776): ReflectionClass->__construct('useStoragePathF...')
#1 /home/dede/Projets/IlluminatoShop/vendor/illuminate/container/Container.php(656): Illuminate\Container\Container->build('useStoragePathF...', Array)
#2 /home/dede/Projets/IlluminatoShop/vendor/illuminate/container/Container.php(1231): Illuminate\Container\Container->make('useStoragePathF...')
#3 /home/dede/Projets/IlluminatoShop/vendor/illuminate/container/Container.php(1276): Illuminate\Container\Container->offsetGet('useStoragePathF...')
#4 /home/dede/Projets/IlluminatoShop/src/Application.php(190): Illuminate\Container\Container->__get('useStoragePathF...')
#5 /home/dede/Projets/IlluminatoShop/src/Application.php(173): Illuminato\Application->vendorIsWritableForOptimizations()
#6 /home/dede/Projets/IlluminatoShop/src/Application.php(288): Illuminato\Application->getCachedServicesPath()
#7 /home/dede/Projets/IlluminatoShop/src/RegisterProviders.php(16): Illuminato\Application->registerConfiguredProviders()
#8 /home/dede/Projets/IlluminatoShop/src/Application.php(275): Illuminato\RegisterProviders->bootstrap(Object(Illuminato\Application))
#9 /home/dede/Projets/IlluminatoShop/src/Kernel.php(199): Illuminato\Application->bootstrapWith(Array)
#10 /home/dede/Projets/IlluminatoShop/src/Kernel.php(110): Illuminato\Kernel->bootstrap()
#11 /home/dede/Projets/IlluminatoShop/src/Kernel.php(84): Illuminato\Kernel->sendRequestThroughRouter(Object(Illuminate\Http\Request))
#12 /home/dede/Projets/IlluminatoShop/illuminato.php(58): Illuminato\Kernel->handle(Object(Illuminate\Http\Request))
#13 /home/dede/Projets/prestashop/classes/module/Module.php(1240): require_once('/home/dede/Proj...')
#14 /home/dede/Projets/prestashop/controllers/admin/AdminModulesController.php(1394): ModuleCore::getModulesOnDisk(true, false, 1)
#15 /home/dede/Projets/prestashop/classes/controller/Controller.php(180): AdminModulesControllerCore->initContent()
#16 /home/dede/Projets/prestashop/classes/Dispatcher.php(373): ControllerCore->run()
#17 /home/dede/Projets/prestashop/AdM/index.php(54): DispatcherCore->dispatch()
#18 {main}  
[2015-06-09 09:41:13] production.ERROR: exception 'Symfony\Component\Debug\Exception\FatalErrorException' with message 'Call to undefined method Illuminate\Support\Facades\Validator::make()' in /home/dede/Projets/IlluminatoShop/vendor/illuminate/support/Facades/Facade.php:213
Stack trace:
#0 {main}  
[2015-06-09 09:41:55] production.ERROR: exception 'ReflectionException' with message 'Class useStoragePathForOptimizations does not exist' in /home/dede/Projets/IlluminatoShop/vendor/illuminate/container/Container.php:776
Stack trace:
#0 /home/dede/Projets/IlluminatoShop/vendor/illuminate/container/Container.php(776): ReflectionClass->__construct('useStoragePathF...')
#1 /home/dede/Projets/IlluminatoShop/vendor/illuminate/container/Container.php(656): Illuminate\Container\Container->build('useStoragePathF...', Array)
#2 /home/dede/Projets/IlluminatoShop/vendor/illuminate/container/Container.php(1231): Illuminate\Container\Container->make('useStoragePathF...')
#3 /home/dede/Projets/IlluminatoShop/vendor/illuminate/container/Container.php(1276): Illuminate\Container\Container->offsetGet('useStoragePathF...')
#4 /home/dede/Projets/IlluminatoShop/src/Application.php(190): Illuminate\Container\Container->__get('useStoragePathF...')
#5 /home/dede/Projets/IlluminatoShop/src/Application.php(173): Illuminato\Application->vendorIsWritableForOptimizations()
#6 /home/dede/Projets/IlluminatoShop/src/Application.php(289): Illuminato\Application->getCachedServicesPath()
#7 /home/dede/Projets/IlluminatoShop/src/RegisterProviders.php(16): Illuminato\Application->registerConfiguredProviders()
#8 /home/dede/Projets/IlluminatoShop/src/Application.php(277): Illuminato\RegisterProviders->bootstrap(Object(Illuminato\Application))
#9 /home/dede/Projets/IlluminatoShop/src/Kernel.php(199): Illuminato\Application->bootstrapWith(Array)
#10 /home/dede/Projets/IlluminatoShop/src/Kernel.php(110): Illuminato\Kernel->bootstrap()
#11 /home/dede/Projets/IlluminatoShop/src/Kernel.php(84): Illuminato\Kernel->sendRequestThroughRouter(Object(Illuminate\Http\Request))
#12 /home/dede/Projets/IlluminatoShop/illuminato.php(58): Illuminato\Kernel->handle(Object(Illuminate\Http\Request))
#13 /home/dede/Projets/prestashop/classes/module/Module.php(1240): require_once('/home/dede/Proj...')
#14 /home/dede/Projets/prestashop/controllers/admin/AdminModulesController.php(1394): ModuleCore::getModulesOnDisk(true, false, 1)
#15 /home/dede/Projets/prestashop/classes/controller/Controller.php(180): AdminModulesControllerCore->initContent()
#16 /home/dede/Projets/prestashop/classes/Dispatcher.php(373): ControllerCore->run()
#17 /home/dede/Projets/prestashop/AdM/index.php(54): DispatcherCore->dispatch()
#18 {main}  
[2015-06-09 09:41:55] production.ERROR: exception 'Symfony\Component\Debug\Exception\FatalErrorException' with message 'Call to undefined method Illuminate\Support\Facades\Validator::make()' in /home/dede/Projets/IlluminatoShop/vendor/illuminate/support/Facades/Facade.php:213
Stack trace:
#0 {main}  
[2015-06-09 09:44:08] production.ERROR: exception 'Symfony\Component\Debug\Exception\FatalErrorException' with message 'Class 'Illuminato\ProviderRepository' not found' in /home/dede/Projets/IlluminatoShop/src/Application.php:298
Stack trace:
#0 {main}  
[2015-06-09 09:45:12] production.ERROR: exception 'Symfony\Component\Debug\Exception\FatalErrorException' with message 'Class 'Illuminato\Filesystem' not found' in /home/dede/Projets/IlluminatoShop/src/Application.php:298
Stack trace:
#0 {main}  
[2015-06-09 09:45:42] production.ERROR: exception 'Symfony\Component\Debug\Exception\FatalErrorException' with message 'Class 'Illuminate\Foundation\Providers\ArtisanServiceProvider' not found' in /home/dede/Projets/IlluminatoShop/src/ProviderRepository.php:150
Stack trace:
#0 {main}  
[2015-06-09 09:47:02] production.ERROR: exception 'Symfony\Component\Debug\Exception\FatalErrorException' with message 'Class 'Illuminate\Cookie\CookieServiceProvider' not found' in /home/dede/Projets/IlluminatoShop/src/ProviderRepository.php:150
Stack trace:
#0 {main}  
[2015-06-09 09:47:11] production.ERROR: exception 'Symfony\Component\Debug\Exception\FatalErrorException' with message 'Class 'Illuminate\Encryption\EncryptionServiceProvider' not found' in /home/dede/Projets/IlluminatoShop/src/ProviderRepository.php:150
Stack trace:
#0 {main}  
[2015-06-09 09:47:19] production.ERROR: exception 'Symfony\Component\Debug\Exception\FatalErrorException' with message 'Class 'Illuminate\Pagination\PaginationServiceProvider' not found' in /home/dede/Projets/IlluminatoShop/src/ProviderRepository.php:150
Stack trace:
#0 {main}  
[2015-06-09 09:47:25] production.ERROR: exception 'Symfony\Component\Debug\Exception\FatalErrorException' with message 'Class 'App\Providers\AppServiceProvider' not found' in /home/dede/Projets/IlluminatoShop/src/ProviderRepository.php:150
Stack trace:
#0 {main}  
[2015-06-09 09:47:43] production.ERROR: exception 'ErrorException' with message 'file_put_contents(/home/dede/Projets/illuminatocomments/storage/framework/services.json): failed to open stream: No such file or directory' in /home/dede/Projets/IlluminatoShop/vendor/illuminate/filesystem/Filesystem.php:74
Stack trace:
#0 [internal function]: Illuminato\HandleExceptions->handleError(2, 'file_put_conten...', '/home/dede/Proj...', 74, Array)
#1 /home/dede/Projets/IlluminatoShop/vendor/illuminate/filesystem/Filesystem.php(74): file_put_contents('/home/dede/Proj...', '{?    "provider...', 0)
#2 /home/dede/Projets/IlluminatoShop/src/ProviderRepository.php(193): Illuminate\Filesystem\Filesystem->put('/home/dede/Proj...', '{?    "provider...')
#3 /home/dede/Projets/IlluminatoShop/src/ProviderRepository.php(139): Illuminato\ProviderRepository->writeManifest(Array)
#4 /home/dede/Projets/IlluminatoShop/src/ProviderRepository.php(59): Illuminato\ProviderRepository->compileManifest(Array)
#5 /home/dede/Projets/IlluminatoShop/src/Application.php(300): Illuminato\ProviderRepository->load(Array)
#6 /home/dede/Projets/IlluminatoShop/src/RegisterProviders.php(15): Illuminato\Application->registerConfiguredProviders()
#7 /home/dede/Projets/IlluminatoShop/src/Application.php(285): Illuminato\RegisterProviders->bootstrap(Object(Illuminato\Application))
#8 /home/dede/Projets/IlluminatoShop/src/Kernel.php(199): Illuminato\Application->bootstrapWith(Array)
#9 /home/dede/Projets/IlluminatoShop/src/Kernel.php(110): Illuminato\Kernel->bootstrap()
#10 /home/dede/Projets/IlluminatoShop/src/Kernel.php(84): Illuminato\Kernel->sendRequestThroughRouter(Object(Illuminate\Http\Request))
#11 /home/dede/Projets/IlluminatoShop/illuminato.php(58): Illuminato\Kernel->handle(Object(Illuminate\Http\Request))
#12 /home/dede/Projets/prestashop/classes/module/Module.php(1240): require_once('/home/dede/Proj...')
#13 /home/dede/Projets/prestashop/controllers/admin/AdminModulesController.php(1394): ModuleCore::getModulesOnDisk(true, false, 1)
#14 /home/dede/Projets/prestashop/classes/controller/Controller.php(180): AdminModulesControllerCore->initContent()
#15 /home/dede/Projets/prestashop/classes/Dispatcher.php(373): ControllerCore->run()
#16 /home/dede/Projets/prestashop/AdM/index.php(54): DispatcherCore->dispatch()
#17 {main}  
[2015-06-09 09:47:43] production.ERROR: exception 'Symfony\Component\Debug\Exception\FatalErrorException' with message 'Call to undefined method Illuminate\Support\Facades\Validator::make()' in /home/dede/Projets/IlluminatoShop/vendor/illuminate/support/Facades/Facade.php:213
Stack trace:
#0 {main}  
[2015-06-09 09:48:59] production.ERROR: exception 'ErrorException' with message 'file_put_contents(/home/dede/Projets/illuminatocomments/storage/framework/services.json): failed to open stream: No such file or directory' in /home/dede/Projets/IlluminatoShop/vendor/illuminate/filesystem/Filesystem.php:74
Stack trace:
#0 [internal function]: Illuminato\HandleExceptions->handleError(2, 'file_put_conten...', '/home/dede/Proj...', 74, Array)
#1 /home/dede/Projets/IlluminatoShop/vendor/illuminate/filesystem/Filesystem.php(74): file_put_contents('/home/dede/Proj...', '{?    "provider...', 0)
#2 /home/dede/Projets/IlluminatoShop/src/ProviderRepository.php(193): Illuminate\Filesystem\Filesystem->put('/home/dede/Proj...', '{?    "provider...')
#3 /home/dede/Projets/IlluminatoShop/src/ProviderRepository.php(139): Illuminato\ProviderRepository->writeManifest(Array)
#4 /home/dede/Projets/IlluminatoShop/src/ProviderRepository.php(59): Illuminato\ProviderRepository->compileManifest(Array)
#5 /home/dede/Projets/IlluminatoShop/src/Application.php(299): Illuminato\ProviderRepository->load(Array)
#6 /home/dede/Projets/IlluminatoShop/src/RegisterProviders.php(15): Illuminato\Application->registerConfiguredProviders()
#7 /home/dede/Projets/IlluminatoShop/src/Application.php(283): Illuminato\RegisterProviders->bootstrap(Object(Illuminato\Application))
#8 /home/dede/Projets/IlluminatoShop/src/Kernel.php(199): Illuminato\Application->bootstrapWith(Array)
#9 /home/dede/Projets/IlluminatoShop/src/Kernel.php(110): Illuminato\Kernel->bootstrap()
#10 /home/dede/Projets/IlluminatoShop/src/Kernel.php(84): Illuminato\Kernel->sendRequestThroughRouter(Object(Illuminate\Http\Request))
#11 /home/dede/Projets/IlluminatoShop/illuminato.php(58): Illuminato\Kernel->handle(Object(Illuminate\Http\Request))
#12 /home/dede/Projets/prestashop/classes/module/Module.php(1240): require_once('/home/dede/Proj...')
#13 /home/dede/Projets/prestashop/controllers/admin/AdminModulesController.php(1394): ModuleCore::getModulesOnDisk(true, false, 1)
#14 /home/dede/Projets/prestashop/classes/controller/Controller.php(180): AdminModulesControllerCore->initContent()
#15 /home/dede/Projets/prestashop/classes/Dispatcher.php(373): ControllerCore->run()
#16 /home/dede/Projets/prestashop/AdM/index.php(54): DispatcherCore->dispatch()
#17 {main}  
[2015-06-09 09:48:59] production.ERROR: exception 'Symfony\Component\Debug\Exception\FatalErrorException' with message 'Call to undefined method Illuminate\Support\Facades\Validator::make()' in /home/dede/Projets/IlluminatoShop/vendor/illuminate/support/Facades/Facade.php:213
Stack trace:
#0 {main}  
[2015-06-09 09:51:14] production.ERROR: exception 'Symfony\Component\Debug\Exception\FatalErrorException' with message 'Class 'Symfony\Component\VarDumper\Dumper\HtmlDumper' not found' in /home/dede/Projets/IlluminatoShop/vendor/illuminate/support/Debug/HtmlDumper.php:5
Stack trace:
#0 {main}  
[2015-06-09 10:21:15] production.ERROR: exception 'ErrorException' with message 'array_merge(): Argument #2 is not an array' in /home/dede/Projets/IlluminatoShop/src/ProviderRepository.php:179
Stack trace:
#0 [internal function]: Illuminato\HandleExceptions->handleError(2, 'array_merge(): ...', '/home/dede/Proj...', 179, Array)
#1 /home/dede/Projets/IlluminatoShop/src/ProviderRepository.php(179): array_merge(Array, NULL)
#2 /home/dede/Projets/IlluminatoShop/src/ProviderRepository.php(52): Illuminato\ProviderRepository->loadManifest()
#3 /home/dede/Projets/IlluminatoShop/src/Application.php(299): Illuminato\ProviderRepository->load(Array)
#4 /home/dede/Projets/IlluminatoShop/src/RegisterProviders.php(15): Illuminato\Application->registerConfiguredProviders()
#5 /home/dede/Projets/IlluminatoShop/src/Application.php(283): Illuminato\RegisterProviders->bootstrap(Object(Illuminato\Application))
#6 /home/dede/Projets/IlluminatoShop/src/Kernel.php(199): Illuminato\Application->bootstrapWith(Array)
#7 /home/dede/Projets/IlluminatoShop/src/Kernel.php(110): Illuminato\Kernel->bootstrap()
#8 /home/dede/Projets/IlluminatoShop/src/Kernel.php(84): Illuminato\Kernel->sendRequestThroughRouter(Object(Illuminate\Http\Request))
#9 /home/dede/Projets/IlluminatoShop/illuminato.php(58): Illuminato\Kernel->handle(Object(Illuminate\Http\Request))
#10 /home/dede/Projets/prestashop/classes/module/Module.php(1240): require_once('/home/dede/Proj...')
#11 /home/dede/Projets/prestashop/controllers/admin/AdminModulesController.php(1394): ModuleCore::getModulesOnDisk(true, false, 1)
#12 /home/dede/Projets/prestashop/classes/controller/Controller.php(180): AdminModulesControllerCore->initContent()
#13 /home/dede/Projets/prestashop/classes/Dispatcher.php(373): ControllerCore->run()
#14 /home/dede/Projets/prestashop/AdM/index.php(54): DispatcherCore->dispatch()
#15 {main}  
[2015-06-09 10:21:15] production.ERROR: exception 'Symfony\Component\Debug\Exception\FatalErrorException' with message 'Call to undefined method Illuminate\Support\Facades\Validator::make()' in /home/dede/Projets/IlluminatoShop/vendor/illuminate/support/Facades/Facade.php:213
Stack trace:
#0 {main}  
[2015-06-09 10:22:36] production.ERROR: exception 'ErrorException' with message 'array_merge(): Argument #2 is not an array' in /home/dede/Projets/IlluminatoShop/src/ProviderRepository.php:179
Stack trace:
#0 [internal function]: Illuminato\HandleExceptions->handleError(2, 'array_merge(): ...', '/home/dede/Proj...', 179, Array)
#1 /home/dede/Projets/IlluminatoShop/src/ProviderRepository.php(179): array_merge(Array, NULL)
#2 /home/dede/Projets/IlluminatoShop/src/ProviderRepository.php(52): Illuminato\ProviderRepository->loadManifest()
#3 /home/dede/Projets/IlluminatoShop/src/Application.php(299): Illuminato\ProviderRepository->load(Array)
#4 /home/dede/Projets/IlluminatoShop/src/RegisterProviders.php(15): Illuminato\Application->registerConfiguredProviders()
#5 /home/dede/Projets/IlluminatoShop/src/Application.php(283): Illuminato\RegisterProviders->bootstrap(Object(Illuminato\Application))
#6 /home/dede/Projets/IlluminatoShop/src/Kernel.php(199): Illuminato\Application->bootstrapWith(Array)
#7 /home/dede/Projets/IlluminatoShop/src/Kernel.php(110): Illuminato\Kernel->bootstrap()
#8 /home/dede/Projets/IlluminatoShop/src/Kernel.php(84): Illuminato\Kernel->sendRequestThroughRouter(Object(Illuminate\Http\Request))
#9 /home/dede/Projets/IlluminatoShop/illuminato.php(58): Illuminato\Kernel->handle(Object(Illuminate\Http\Request))
#10 /home/dede/Projets/prestashop/classes/module/Module.php(1240): require_once('/home/dede/Proj...')
#11 /home/dede/Projets/prestashop/controllers/admin/AdminModulesController.php(1394): ModuleCore::getModulesOnDisk(true, false, 1)
#12 /home/dede/Projets/prestashop/classes/controller/Controller.php(180): AdminModulesControllerCore->initContent()
#13 /home/dede/Projets/prestashop/classes/Dispatcher.php(373): ControllerCore->run()
#14 /home/dede/Projets/prestashop/AdM/index.php(54): DispatcherCore->dispatch()
#15 {main}  
[2015-06-09 10:22:36] production.ERROR: exception 'Symfony\Component\Debug\Exception\FatalErrorException' with message 'Call to undefined method Illuminate\Support\Facades\Validator::make()' in /home/dede/Projets/IlluminatoShop/vendor/illuminate/support/Facades/Facade.php:213
Stack trace:
#0 {main}  
[2015-06-09 10:28:19] production.ERROR: exception 'Symfony\Component\Debug\Exception\FatalErrorException' with message 'Call to undefined method Illuminato\Application::setDeferredServices()' in /home/dede/Projets/IlluminatoShop/src/ProviderRepository.php:78
Stack trace:
#0 {main}  
[2015-06-09 10:30:23] production.ERROR: exception 'ReflectionException' with message 'Class bootingCallbacks does not exist' in /home/dede/Projets/IlluminatoShop/vendor/illuminate/container/Container.php:776
Stack trace:
#0 /home/dede/Projets/IlluminatoShop/vendor/illuminate/container/Container.php(776): ReflectionClass->__construct('bootingCallback...')
#1 /home/dede/Projets/IlluminatoShop/vendor/illuminate/container/Container.php(656): Illuminate\Container\Container->build('bootingCallback...', Array)
#2 /home/dede/Projets/IlluminatoShop/vendor/illuminate/container/Container.php(1231): Illuminate\Container\Container->make('bootingCallback...')
#3 /home/dede/Projets/IlluminatoShop/vendor/illuminate/container/Container.php(1276): Illuminate\Container\Container->offsetGet('bootingCallback...')
#4 /home/dede/Projets/IlluminatoShop/src/Application.php(367): Illuminate\Container\Container->__get('bootingCallback...')
#5 /home/dede/Projets/IlluminatoShop/src/BootProviders.php(15): Illuminato\Application->boot()
#6 /home/dede/Projets/IlluminatoShop/src/Application.php(301): Illuminato\BootProviders->bootstrap(Object(Illuminato\Application))
#7 /home/dede/Projets/IlluminatoShop/src/Kernel.php(199): Illuminato\Application->bootstrapWith(Array)
#8 /home/dede/Projets/IlluminatoShop/src/Kernel.php(110): Illuminato\Kernel->bootstrap()
#9 /home/dede/Projets/IlluminatoShop/src/Kernel.php(84): Illuminato\Kernel->sendRequestThroughRouter(Object(Illuminate\Http\Request))
#10 /home/dede/Projets/IlluminatoShop/illuminato.php(58): Illuminato\Kernel->handle(Object(Illuminate\Http\Request))
#11 /home/dede/Projets/prestashop/classes/module/Module.php(1240): require_once('/home/dede/Proj...')
#12 /home/dede/Projets/prestashop/controllers/admin/AdminModulesController.php(1394): ModuleCore::getModulesOnDisk(true, false, 1)
#13 /home/dede/Projets/prestashop/classes/controller/Controller.php(180): AdminModulesControllerCore->initContent()
#14 /home/dede/Projets/prestashop/classes/Dispatcher.php(373): ControllerCore->run()
#15 /home/dede/Projets/prestashop/AdM/index.php(54): DispatcherCore->dispatch()
#16 {main}  
[2015-06-09 10:43:39] production.ERROR: exception 'ReflectionException' with message 'Class bootingCallbacks does not exist' in /home/dede/Projets/IlluminatoShop/vendor/illuminate/container/Container.php:776
Stack trace:
#0 /home/dede/Projets/IlluminatoShop/vendor/illuminate/container/Container.php(776): ReflectionClass->__construct('bootingCallback...')
#1 /home/dede/Projets/IlluminatoShop/vendor/illuminate/container/Container.php(656): Illuminate\Container\Container->build('bootingCallback...', Array)
#2 /home/dede/Projets/IlluminatoShop/vendor/illuminate/container/Container.php(1231): Illuminate\Container\Container->make('bootingCallback...')
#3 /home/dede/Projets/IlluminatoShop/vendor/illuminate/container/Container.php(1276): Illuminate\Container\Container->offsetGet('bootingCallback...')
#4 /home/dede/Projets/IlluminatoShop/src/Application.php(367): Illuminate\Container\Container->__get('bootingCallback...')
#5 /home/dede/Projets/IlluminatoShop/src/BootProviders.php(15): Illuminato\Application->boot()
#6 /home/dede/Projets/IlluminatoShop/src/Application.php(301): Illuminato\BootProviders->bootstrap(Object(Illuminato\Application))
#7 /home/dede/Projets/IlluminatoShop/src/Kernel.php(199): Illuminato\Application->bootstrapWith(Array)
#8 /home/dede/Projets/IlluminatoShop/src/Kernel.php(110): Illuminato\Kernel->bootstrap()
#9 /home/dede/Projets/IlluminatoShop/src/Kernel.php(84): Illuminato\Kernel->sendRequestThroughRouter(Object(Illuminate\Http\Request))
#10 /home/dede/Projets/IlluminatoShop/illuminato.php(58): Illuminato\Kernel->handle(Object(Illuminate\Http\Request))
#11 /home/dede/Projets/prestashop/classes/module/Module.php(1240): require_once('/home/dede/Proj...')
#12 /home/dede/Projets/prestashop/controllers/admin/AdminModulesController.php(1394): ModuleCore::getModulesOnDisk(true, false, 1)
#13 /home/dede/Projets/prestashop/classes/controller/Controller.php(180): AdminModulesControllerCore->initContent()
#14 /home/dede/Projets/prestashop/classes/Dispatcher.php(373): ControllerCore->run()
#15 /home/dede/Projets/prestashop/AdM/index.php(54): DispatcherCore->dispatch()
#16 {main}  
[2015-06-09 10:44:08] production.ERROR: exception 'ReflectionException' with message 'Class bootingCallbacks does not exist' in /home/dede/Projets/IlluminatoShop/vendor/illuminate/container/Container.php:776
Stack trace:
#0 /home/dede/Projets/IlluminatoShop/vendor/illuminate/container/Container.php(776): ReflectionClass->__construct('bootingCallback...')
#1 /home/dede/Projets/IlluminatoShop/vendor/illuminate/container/Container.php(656): Illuminate\Container\Container->build('bootingCallback...', Array)
#2 /home/dede/Projets/IlluminatoShop/vendor/illuminate/container/Container.php(1231): Illuminate\Container\Container->make('bootingCallback...')
#3 /home/dede/Projets/IlluminatoShop/vendor/illuminate/container/Container.php(1276): Illuminate\Container\Container->offsetGet('bootingCallback...')
#4 /home/dede/Projets/IlluminatoShop/src/Application.php(367): Illuminate\Container\Container->__get('bootingCallback...')
#5 /home/dede/Projets/IlluminatoShop/src/BootProviders.php(15): Illuminato\Application->boot()
#6 /home/dede/Projets/IlluminatoShop/src/Application.php(301): Illuminato\BootProviders->bootstrap(Object(Illuminato\Application))
#7 /home/dede/Projets/IlluminatoShop/src/Kernel.php(199): Illuminato\Application->bootstrapWith(Array)
#8 /home/dede/Projets/IlluminatoShop/src/Kernel.php(110): Illuminato\Kernel->bootstrap()
#9 /home/dede/Projets/IlluminatoShop/src/Kernel.php(84): Illuminato\Kernel->sendRequestThroughRouter(Object(Illuminate\Http\Request))
#10 /home/dede/Projets/IlluminatoShop/illuminato.php(58): Illuminato\Kernel->handle(Object(Illuminate\Http\Request))
#11 /home/dede/Projets/prestashop/classes/module/Module.php(1240): require_once('/home/dede/Proj...')
#12 /home/dede/Projets/prestashop/controllers/admin/AdminModulesController.php(1394): ModuleCore::getModulesOnDisk(true, false, 1)
#13 /home/dede/Projets/prestashop/classes/controller/Controller.php(180): AdminModulesControllerCore->initContent()
#14 /home/dede/Projets/prestashop/classes/Dispatcher.php(373): ControllerCore->run()
#15 /home/dede/Projets/prestashop/AdM/index.php(54): DispatcherCore->dispatch()
#16 {main}  
[2015-06-09 10:44:09] production.ERROR: exception 'ReflectionException' with message 'Class bootingCallbacks does not exist' in /home/dede/Projets/IlluminatoShop/vendor/illuminate/container/Container.php:776
Stack trace:
#0 /home/dede/Projets/IlluminatoShop/vendor/illuminate/container/Container.php(776): ReflectionClass->__construct('bootingCallback...')
#1 /home/dede/Projets/IlluminatoShop/vendor/illuminate/container/Container.php(656): Illuminate\Container\Container->build('bootingCallback...', Array)
#2 /home/dede/Projets/IlluminatoShop/vendor/illuminate/container/Container.php(1231): Illuminate\Container\Container->make('bootingCallback...')
#3 /home/dede/Projets/IlluminatoShop/vendor/illuminate/container/Container.php(1276): Illuminate\Container\Container->offsetGet('bootingCallback...')
#4 /home/dede/Projets/IlluminatoShop/src/Application.php(367): Illuminate\Container\Container->__get('bootingCallback...')
#5 /home/dede/Projets/IlluminatoShop/src/BootProviders.php(15): Illuminato\Application->boot()
#6 /home/dede/Projets/IlluminatoShop/src/Application.php(301): Illuminato\BootProviders->bootstrap(Object(Illuminato\Application))
#7 /home/dede/Projets/IlluminatoShop/src/Kernel.php(199): Illuminato\Application->bootstrapWith(Array)
#8 /home/dede/Projets/IlluminatoShop/src/Kernel.php(110): Illuminato\Kernel->bootstrap()
#9 /home/dede/Projets/IlluminatoShop/src/Kernel.php(84): Illuminato\Kernel->sendRequestThroughRouter(Object(Illuminate\Http\Request))
#10 /home/dede/Projets/IlluminatoShop/illuminato.php(58): Illuminato\Kernel->handle(Object(Illuminate\Http\Request))
#11 /home/dede/Projets/prestashop/classes/module/Module.php(1240): require_once('/home/dede/Proj...')
#12 /home/dede/Projets/prestashop/controllers/admin/AdminModulesController.php(1394): ModuleCore::getModulesOnDisk(true, false, 1)
#13 /home/dede/Projets/prestashop/classes/controller/Controller.php(180): AdminModulesControllerCore->initContent()
#14 /home/dede/Projets/prestashop/classes/Dispatcher.php(373): ControllerCore->run()
#15 /home/dede/Projets/prestashop/AdM/index.php(54): DispatcherCore->dispatch()
#16 {main}  
[2015-06-09 10:45:06] production.ERROR: exception 'ReflectionException' with message 'Class bootingCallbacks does not exist' in /home/dede/Projets/IlluminatoShop/vendor/illuminate/container/Container.php:776
Stack trace:
#0 /home/dede/Projets/IlluminatoShop/vendor/illuminate/container/Container.php(776): ReflectionClass->__construct('bootingCallback...')
#1 /home/dede/Projets/IlluminatoShop/vendor/illuminate/container/Container.php(656): Illuminate\Container\Container->build('bootingCallback...', Array)
#2 /home/dede/Projets/IlluminatoShop/vendor/illuminate/container/Container.php(1231): Illuminate\Container\Container->make('bootingCallback...')
#3 /home/dede/Projets/IlluminatoShop/vendor/illuminate/container/Container.php(1276): Illuminate\Container\Container->offsetGet('bootingCallback...')
#4 /home/dede/Projets/IlluminatoShop/src/Application.php(367): Illuminate\Container\Container->__get('bootingCallback...')
#5 /home/dede/Projets/IlluminatoShop/src/BootProviders.php(15): Illuminato\Application->boot()
#6 /home/dede/Projets/IlluminatoShop/src/Application.php(301): Illuminato\BootProviders->bootstrap(Object(Illuminato\Application))
#7 /home/dede/Projets/IlluminatoShop/src/Kernel.php(199): Illuminato\Application->bootstrapWith(Array)
#8 /home/dede/Projets/IlluminatoShop/src/Kernel.php(110): Illuminato\Kernel->bootstrap()
#9 /home/dede/Projets/IlluminatoShop/src/Kernel.php(84): Illuminato\Kernel->sendRequestThroughRouter(Object(Illuminate\Http\Request))
#10 /home/dede/Projets/IlluminatoShop/illuminato.php(58): Illuminato\Kernel->handle(Object(Illuminate\Http\Request))
#11 /home/dede/Projets/prestashop/classes/module/Module.php(1240): require_once('/home/dede/Proj...')
#12 /home/dede/Projets/prestashop/controllers/admin/AdminModulesController.php(1394): ModuleCore::getModulesOnDisk(true, false, 1)
#13 /home/dede/Projets/prestashop/classes/controller/Controller.php(180): AdminModulesControllerCore->initContent()
#14 /home/dede/Projets/prestashop/classes/Dispatcher.php(373): ControllerCore->run()
#15 /home/dede/Projets/prestashop/AdM/index.php(54): DispatcherCore->dispatch()
#16 {main}  
[2015-06-09 10:51:42] production.ERROR: exception 'ReflectionException' with message 'Class bootingCallbacks does not exist' in /home/dede/Projets/IlluminatoShop/vendor/illuminate/container/Container.php:776
Stack trace:
#0 /home/dede/Projets/IlluminatoShop/vendor/illuminate/container/Container.php(776): ReflectionClass->__construct('bootingCallback...')
#1 /home/dede/Projets/IlluminatoShop/vendor/illuminate/container/Container.php(656): Illuminate\Container\Container->build('bootingCallback...', Array)
#2 /home/dede/Projets/IlluminatoShop/vendor/illuminate/container/Container.php(1231): Illuminate\Container\Container->make('bootingCallback...')
#3 /home/dede/Projets/IlluminatoShop/vendor/illuminate/container/Container.php(1276): Illuminate\Container\Container->offsetGet('bootingCallback...')
#4 /home/dede/Projets/IlluminatoShop/src/Application.php(367): Illuminate\Container\Container->__get('bootingCallback...')
#5 /home/dede/Projets/IlluminatoShop/src/BootProviders.php(15): Illuminato\Application->boot()
#6 /home/dede/Projets/IlluminatoShop/src/Application.php(301): Illuminato\BootProviders->bootstrap(Object(Illuminato\Application))
#7 /home/dede/Projets/IlluminatoShop/src/Kernel.php(199): Illuminato\Application->bootstrapWith(Array)
#8 /home/dede/Projets/IlluminatoShop/src/Kernel.php(110): Illuminato\Kernel->bootstrap()
#9 /home/dede/Projets/IlluminatoShop/src/Kernel.php(84): Illuminato\Kernel->sendRequestThroughRouter(Object(Illuminate\Http\Request))
#10 /home/dede/Projets/IlluminatoShop/illuminato.php(58): Illuminato\Kernel->handle(Object(Illuminate\Http\Request))
#11 /home/dede/Projets/prestashop/classes/module/Module.php(1240): require_once('/home/dede/Proj...')
#12 /home/dede/Projets/prestashop/controllers/admin/AdminModulesController.php(1394): ModuleCore::getModulesOnDisk(true, false, 1)
#13 /home/dede/Projets/prestashop/classes/controller/Controller.php(180): AdminModulesControllerCore->initContent()
#14 /home/dede/Projets/prestashop/classes/Dispatcher.php(373): ControllerCore->run()
#15 /home/dede/Projets/prestashop/AdM/index.php(54): DispatcherCore->dispatch()
#16 {main}  
[2015-06-09 10:52:11] production.ERROR: exception 'ReflectionException' with message 'Class bootingCallbacks does not exist' in /home/dede/Projets/IlluminatoShop/vendor/illuminate/container/Container.php:776
Stack trace:
#0 /home/dede/Projets/IlluminatoShop/vendor/illuminate/container/Container.php(776): ReflectionClass->__construct('bootingCallback...')
#1 /home/dede/Projets/IlluminatoShop/vendor/illuminate/container/Container.php(656): Illuminate\Container\Container->build('bootingCallback...', Array)
#2 /home/dede/Projets/IlluminatoShop/vendor/illuminate/container/Container.php(1231): Illuminate\Container\Container->make('bootingCallback...')
#3 /home/dede/Projets/IlluminatoShop/vendor/illuminate/container/Container.php(1276): Illuminate\Container\Container->offsetGet('bootingCallback...')
#4 /home/dede/Projets/IlluminatoShop/src/Application.php(367): Illuminate\Container\Container->__get('bootingCallback...')
#5 /home/dede/Projets/IlluminatoShop/src/BootProviders.php(15): Illuminato\Application->boot()
#6 /home/dede/Projets/IlluminatoShop/src/Application.php(301): Illuminato\BootProviders->bootstrap(Object(Illuminato\Application))
#7 /home/dede/Projets/IlluminatoShop/src/Kernel.php(199): Illuminato\Application->bootstrapWith(Array)
#8 /home/dede/Projets/IlluminatoShop/src/Kernel.php(110): Illuminato\Kernel->bootstrap()
#9 /home/dede/Projets/IlluminatoShop/src/Kernel.php(84): Illuminato\Kernel->sendRequestThroughRouter(Object(Illuminate\Http\Request))
#10 /home/dede/Projets/IlluminatoShop/illuminato.php(58): Illuminato\Kernel->handle(Object(Illuminate\Http\Request))
#11 /home/dede/Projets/prestashop/classes/module/Module.php(1240): require_once('/home/dede/Proj...')
#12 /home/dede/Projets/prestashop/controllers/admin/AdminModulesController.php(1394): ModuleCore::getModulesOnDisk(true, false, 1)
#13 /home/dede/Projets/prestashop/classes/controller/Controller.php(180): AdminModulesControllerCore->initContent()
#14 /home/dede/Projets/prestashop/classes/Dispatcher.php(373): ControllerCore->run()
#15 /home/dede/Projets/prestashop/AdM/index.php(54): DispatcherCore->dispatch()
#16 {main}  
[2015-06-09 10:52:11] production.ERROR: exception 'ErrorException' with message 'Object of class Illuminate\Filesystem\Filesystem could not be converted to string' in /home/dede/Projets/IlluminatoShop/vendor/illuminate/translation/TranslationServiceProvider.php:49
Stack trace:
#0 /home/dede/Projets/IlluminatoShop/vendor/illuminate/translation/TranslationServiceProvider.php(49): Illuminato\HandleExceptions->handleError(4096, 'Object of class...', '/home/dede/Proj...', 49, Array)
#1 /home/dede/Projets/IlluminatoShop/vendor/illuminate/container/Container.php(773): Illuminate\Translation\TranslationServiceProvider->Illuminate\Translation\{closure}(Object(Illuminato\Application), Array)
#2 /home/dede/Projets/IlluminatoShop/vendor/illuminate/container/Container.php(656): Illuminate\Container\Container->build(Object(Closure), Array)
#3 /home/dede/Projets/IlluminatoShop/vendor/illuminate/container/Container.php(1231): Illuminate\Container\Container->make('translation.loa...')
#4 /home/dede/Projets/IlluminatoShop/vendor/illuminate/translation/TranslationServiceProvider.php(25): Illuminate\Container\Container->offsetGet('translation.loa...')
#5 /home/dede/Projets/IlluminatoShop/vendor/illuminate/container/Container.php(773): Illuminate\Translation\TranslationServiceProvider->Illuminate\Translation\{closure}(Object(Illuminato\Application), Array)
#6 /home/dede/Projets/IlluminatoShop/vendor/illuminate/container/Container.php(656): Illuminate\Container\Container->build(Object(Closure), Array)
#7 /home/dede/Projets/IlluminatoShop/vendor/illuminate/container/Container.php(1231): Illuminate\Container\Container->make('translator')
#8 /home/dede/Projets/IlluminatoShop/vendor/illuminate/validation/ValidationServiceProvider.php(44): Illuminate\Container\Container->offsetGet('translator')
#9 /home/dede/Projets/IlluminatoShop/vendor/illuminate/container/Container.php(773): Illuminate\Validation\ValidationServiceProvider->Illuminate\Validation\{closure}(Object(Illuminato\Application), Array)
#10 /home/dede/Projets/IlluminatoShop/vendor/illuminate/container/Container.php(656): Illuminate\Container\Container->build(Object(Closure), Array)
#11 /home/dede/Projets/IlluminatoShop/vendor/illuminate/container/Container.php(1231): Illuminate\Container\Container->make('validator')
#12 /home/dede/Projets/IlluminatoShop/vendor/illuminate/support/Facades/Facade.php(148): Illuminate\Container\Container->offsetGet('validator')
#13 /home/dede/Projets/IlluminatoShop/vendor/illuminate/support/Facades/Facade.php(118): Illuminate\Support\Facades\Facade::resolveFacadeInstance('validator')
#14 /home/dede/Projets/IlluminatoShop/vendor/illuminate/support/Facades/Facade.php(202): Illuminate\Support\Facades\Facade::getFacadeRoot()
#15 /home/dede/Projets/IlluminatoShop/illuminato.php(65): Illuminate\Support\Facades\Facade::__callStatic('make', Array)
#16 /home/dede/Projets/IlluminatoShop/illuminato.php(65): Illuminate\Support\Facades\Validator::make(Array, Array)
#17 /home/dede/Projets/prestashop/classes/module/Module.php(1240): require_once('/home/dede/Proj...')
#18 /home/dede/Projets/prestashop/controllers/admin/AdminModulesController.php(1394): ModuleCore::getModulesOnDisk(true, false, 1)
#19 /home/dede/Projets/prestashop/classes/controller/Controller.php(180): AdminModulesControllerCore->initContent()
#20 /home/dede/Projets/prestashop/classes/Dispatcher.php(373): ControllerCore->run()
#21 /home/dede/Projets/prestashop/AdM/index.php(54): DispatcherCore->dispatch()
#22 {main}  
[2015-06-09 10:52:11] production.ERROR: exception 'Symfony\Component\Debug\Exception\FatalErrorException' with message 'Call to undefined method Illuminato\Application::runningInConsole()' in /home/dede/Projets/IlluminatoShop/src/HandleExceptions.php:75
Stack trace:
#0 {main}  
[2015-06-09 10:52:43] production.ERROR: exception 'ReflectionException' with message 'Class bootingCallbacks does not exist' in /home/dede/Projets/IlluminatoShop/vendor/illuminate/container/Container.php:776
Stack trace:
#0 /home/dede/Projets/IlluminatoShop/vendor/illuminate/container/Container.php(776): ReflectionClass->__construct('bootingCallback...')
#1 /home/dede/Projets/IlluminatoShop/vendor/illuminate/container/Container.php(656): Illuminate\Container\Container->build('bootingCallback...', Array)
#2 /home/dede/Projets/IlluminatoShop/vendor/illuminate/container/Container.php(1231): Illuminate\Container\Container->make('bootingCallback...')
#3 /home/dede/Projets/IlluminatoShop/vendor/illuminate/container/Container.php(1276): Illuminate\Container\Container->offsetGet('bootingCallback...')
#4 /home/dede/Projets/IlluminatoShop/src/Application.php(367): Illuminate\Container\Container->__get('bootingCallback...')
#5 /home/dede/Projets/IlluminatoShop/src/BootProviders.php(15): Illuminato\Application->boot()
#6 /home/dede/Projets/IlluminatoShop/src/Application.php(301): Illuminato\BootProviders->bootstrap(Object(Illuminato\Application))
#7 /home/dede/Projets/IlluminatoShop/src/Kernel.php(199): Illuminato\Application->bootstrapWith(Array)
#8 /home/dede/Projets/IlluminatoShop/src/Kernel.php(110): Illuminato\Kernel->bootstrap()
#9 /home/dede/Projets/IlluminatoShop/src/Kernel.php(84): Illuminato\Kernel->sendRequestThroughRouter(Object(Illuminate\Http\Request))
#10 /home/dede/Projets/IlluminatoShop/illuminato.php(58): Illuminato\Kernel->handle(Object(Illuminate\Http\Request))
#11 /home/dede/Projets/prestashop/classes/module/Module.php(1240): require_once('/home/dede/Proj...')
#12 /home/dede/Projets/prestashop/controllers/admin/AdminModulesController.php(1394): ModuleCore::getModulesOnDisk(true, false, 1)
#13 /home/dede/Projets/prestashop/classes/controller/Controller.php(180): AdminModulesControllerCore->initContent()
#14 /home/dede/Projets/prestashop/classes/Dispatcher.php(373): ControllerCore->run()
#15 /home/dede/Projets/prestashop/AdM/index.php(54): DispatcherCore->dispatch()
#16 {main}  
[2015-06-09 10:52:54] production.ERROR: exception 'ReflectionException' with message 'Class bootingCallbacks does not exist' in /home/dede/Projets/IlluminatoShop/vendor/illuminate/container/Container.php:776
Stack trace:
#0 /home/dede/Projets/IlluminatoShop/vendor/illuminate/container/Container.php(776): ReflectionClass->__construct('bootingCallback...')
#1 /home/dede/Projets/IlluminatoShop/vendor/illuminate/container/Container.php(656): Illuminate\Container\Container->build('bootingCallback...', Array)
#2 /home/dede/Projets/IlluminatoShop/vendor/illuminate/container/Container.php(1231): Illuminate\Container\Container->make('bootingCallback...')
#3 /home/dede/Projets/IlluminatoShop/vendor/illuminate/container/Container.php(1276): Illuminate\Container\Container->offsetGet('bootingCallback...')
#4 /home/dede/Projets/IlluminatoShop/src/Application.php(367): Illuminate\Container\Container->__get('bootingCallback...')
#5 /home/dede/Projets/IlluminatoShop/src/BootProviders.php(15): Illuminato\Application->boot()
#6 /home/dede/Projets/IlluminatoShop/src/Application.php(301): Illuminato\BootProviders->bootstrap(Object(Illuminato\Application))
#7 /home/dede/Projets/IlluminatoShop/src/Kernel.php(199): Illuminato\Application->bootstrapWith(Array)
#8 /home/dede/Projets/IlluminatoShop/src/Kernel.php(110): Illuminato\Kernel->bootstrap()
#9 /home/dede/Projets/IlluminatoShop/src/Kernel.php(84): Illuminato\Kernel->sendRequestThroughRouter(Object(Illuminate\Http\Request))
#10 /home/dede/Projets/IlluminatoShop/illuminato.php(58): Illuminato\Kernel->handle(Object(Illuminate\Http\Request))
#11 /home/dede/Projets/prestashop/classes/module/Module.php(1240): require_once('/home/dede/Proj...')
#12 /home/dede/Projets/prestashop/controllers/admin/AdminModulesController.php(1394): ModuleCore::getModulesOnDisk(true, false, 1)
#13 /home/dede/Projets/prestashop/classes/controller/Controller.php(180): AdminModulesControllerCore->initContent()
#14 /home/dede/Projets/prestashop/classes/Dispatcher.php(373): ControllerCore->run()
#15 /home/dede/Projets/prestashop/AdM/index.php(54): DispatcherCore->dispatch()
#16 {main}  
[2015-06-09 10:54:12] production.ERROR: exception 'ReflectionException' with message 'Class bootingCallbacks does not exist' in /home/dede/Projets/IlluminatoShop/vendor/illuminate/container/Container.php:776
Stack trace:
#0 /home/dede/Projets/IlluminatoShop/vendor/illuminate/container/Container.php(776): ReflectionClass->__construct('bootingCallback...')
#1 /home/dede/Projets/IlluminatoShop/vendor/illuminate/container/Container.php(656): Illuminate\Container\Container->build('bootingCallback...', Array)
#2 /home/dede/Projets/IlluminatoShop/vendor/illuminate/container/Container.php(1231): Illuminate\Container\Container->make('bootingCallback...')
#3 /home/dede/Projets/IlluminatoShop/vendor/illuminate/container/Container.php(1276): Illuminate\Container\Container->offsetGet('bootingCallback...')
#4 /home/dede/Projets/IlluminatoShop/src/Application.php(367): Illuminate\Container\Container->__get('bootingCallback...')
#5 /home/dede/Projets/IlluminatoShop/src/BootProviders.php(15): Illuminato\Application->boot()
#6 /home/dede/Projets/IlluminatoShop/src/Application.php(301): Illuminato\BootProviders->bootstrap(Object(Illuminato\Application))
#7 /home/dede/Projets/IlluminatoShop/src/Kernel.php(199): Illuminato\Application->bootstrapWith(Array)
#8 /home/dede/Projets/IlluminatoShop/src/Kernel.php(110): Illuminato\Kernel->bootstrap()
#9 /home/dede/Projets/IlluminatoShop/src/Kernel.php(84): Illuminato\Kernel->sendRequestThroughRouter(Object(Illuminate\Http\Request))
#10 /home/dede/Projets/IlluminatoShop/illuminato.php(58): Illuminato\Kernel->handle(Object(Illuminate\Http\Request))
#11 /home/dede/Projets/prestashop/classes/module/Module.php(1240): require_once('/home/dede/Proj...')
#12 /home/dede/Projets/prestashop/controllers/admin/AdminModulesController.php(1394): ModuleCore::getModulesOnDisk(true, false, 1)
#13 /home/dede/Projets/prestashop/classes/controller/Controller.php(180): AdminModulesControllerCore->initContent()
#14 /home/dede/Projets/prestashop/classes/Dispatcher.php(373): ControllerCore->run()
#15 /home/dede/Projets/prestashop/AdM/index.php(54): DispatcherCore->dispatch()
#16 {main}  
[2015-06-09 10:54:20] production.ERROR: exception 'ReflectionException' with message 'Class bootingCallbacks does not exist' in /home/dede/Projets/IlluminatoShop/vendor/illuminate/container/Container.php:776
Stack trace:
#0 /home/dede/Projets/IlluminatoShop/vendor/illuminate/container/Container.php(776): ReflectionClass->__construct('bootingCallback...')
#1 /home/dede/Projets/IlluminatoShop/vendor/illuminate/container/Container.php(656): Illuminate\Container\Container->build('bootingCallback...', Array)
#2 /home/dede/Projets/IlluminatoShop/vendor/illuminate/container/Container.php(1231): Illuminate\Container\Container->make('bootingCallback...')
#3 /home/dede/Projets/IlluminatoShop/vendor/illuminate/container/Container.php(1276): Illuminate\Container\Container->offsetGet('bootingCallback...')
#4 /home/dede/Projets/IlluminatoShop/src/Application.php(367): Illuminate\Container\Container->__get('bootingCallback...')
#5 /home/dede/Projets/IlluminatoShop/src/BootProviders.php(15): Illuminato\Application->boot()
#6 /home/dede/Projets/IlluminatoShop/src/Application.php(301): Illuminato\BootProviders->bootstrap(Object(Illuminato\Application))
#7 /home/dede/Projets/IlluminatoShop/src/Kernel.php(199): Illuminato\Application->bootstrapWith(Array)
#8 /home/dede/Projets/IlluminatoShop/src/Kernel.php(110): Illuminato\Kernel->bootstrap()
#9 /home/dede/Projets/IlluminatoShop/src/Kernel.php(84): Illuminato\Kernel->sendRequestThroughRouter(Object(Illuminate\Http\Request))
#10 /home/dede/Projets/IlluminatoShop/illuminato.php(58): Illuminato\Kernel->handle(Object(Illuminate\Http\Request))
#11 /home/dede/Projets/prestashop/classes/module/Module.php(1240): require_once('/home/dede/Proj...')
#12 /home/dede/Projets/prestashop/controllers/admin/AdminModulesController.php(1394): ModuleCore::getModulesOnDisk(true, false, 1)
#13 /home/dede/Projets/prestashop/classes/controller/Controller.php(180): AdminModulesControllerCore->initContent()
#14 /home/dede/Projets/prestashop/classes/Dispatcher.php(373): ControllerCore->run()
#15 /home/dede/Projets/prestashop/AdM/index.php(54): DispatcherCore->dispatch()
#16 {main}  
[2015-06-09 10:54:34] production.ERROR: exception 'ReflectionException' with message 'Class bootingCallbacks does not exist' in /home/dede/Projets/IlluminatoShop/vendor/illuminate/container/Container.php:776
Stack trace:
#0 /home/dede/Projets/IlluminatoShop/vendor/illuminate/container/Container.php(776): ReflectionClass->__construct('bootingCallback...')
#1 /home/dede/Projets/IlluminatoShop/vendor/illuminate/container/Container.php(656): Illuminate\Container\Container->build('bootingCallback...', Array)
#2 /home/dede/Projets/IlluminatoShop/vendor/illuminate/container/Container.php(1231): Illuminate\Container\Container->make('bootingCallback...')
#3 /home/dede/Projets/IlluminatoShop/vendor/illuminate/container/Container.php(1276): Illuminate\Container\Container->offsetGet('bootingCallback...')
#4 /home/dede/Projets/IlluminatoShop/src/Application.php(367): Illuminate\Container\Container->__get('bootingCallback...')
#5 /home/dede/Projets/IlluminatoShop/src/BootProviders.php(15): Illuminato\Application->boot()
#6 /home/dede/Projets/IlluminatoShop/src/Application.php(301): Illuminato\BootProviders->bootstrap(Object(Illuminato\Application))
#7 /home/dede/Projets/IlluminatoShop/src/Kernel.php(199): Illuminato\Application->bootstrapWith(Array)
#8 /home/dede/Projets/IlluminatoShop/src/Kernel.php(110): Illuminato\Kernel->bootstrap()
#9 /home/dede/Projets/IlluminatoShop/src/Kernel.php(84): Illuminato\Kernel->sendRequestThroughRouter(Object(Illuminate\Http\Request))
#10 /home/dede/Projets/IlluminatoShop/illuminato.php(58): Illuminato\Kernel->handle(Object(Illuminate\Http\Request))
#11 /home/dede/Projets/prestashop/classes/module/Module.php(1240): require_once('/home/dede/Proj...')
#12 /home/dede/Projets/prestashop/controllers/admin/AdminModulesController.php(1394): ModuleCore::getModulesOnDisk(true, false, 1)
#13 /home/dede/Projets/prestashop/classes/controller/Controller.php(180): AdminModulesControllerCore->initContent()
#14 /home/dede/Projets/prestashop/classes/Dispatcher.php(373): ControllerCore->run()
#15 /home/dede/Projets/prestashop/AdM/index.php(54): DispatcherCore->dispatch()
#16 {main}  
[2015-06-09 10:56:23] production.ERROR: exception 'ReflectionException' with message 'Class bootingCallbacks does not exist' in /home/dede/Projets/IlluminatoShop/vendor/illuminate/container/Container.php:776
Stack trace:
#0 /home/dede/Projets/IlluminatoShop/vendor/illuminate/container/Container.php(776): ReflectionClass->__construct('bootingCallback...')
#1 /home/dede/Projets/IlluminatoShop/vendor/illuminate/container/Container.php(656): Illuminate\Container\Container->build('bootingCallback...', Array)
#2 /home/dede/Projets/IlluminatoShop/vendor/illuminate/container/Container.php(1231): Illuminate\Container\Container->make('bootingCallback...')
#3 /home/dede/Projets/IlluminatoShop/vendor/illuminate/container/Container.php(1276): Illuminate\Container\Container->offsetGet('bootingCallback...')
#4 /home/dede/Projets/IlluminatoShop/src/Application.php(367): Illuminate\Container\Container->__get('bootingCallback...')
#5 /home/dede/Projets/IlluminatoShop/src/BootProviders.php(15): Illuminato\Application->boot()
#6 /home/dede/Projets/IlluminatoShop/src/Application.php(301): Illuminato\BootProviders->bootstrap(Object(Illuminato\Application))
#7 /home/dede/Projets/IlluminatoShop/src/Kernel.php(199): Illuminato\Application->bootstrapWith(Array)
#8 /home/dede/Projets/IlluminatoShop/src/Kernel.php(110): Illuminato\Kernel->bootstrap()
#9 /home/dede/Projets/IlluminatoShop/src/Kernel.php(84): Illuminato\Kernel->sendRequestThroughRouter(Object(Illuminate\Http\Request))
#10 /home/dede/Projets/IlluminatoShop/illuminato.php(58): Illuminato\Kernel->handle(Object(Illuminate\Http\Request))
#11 /home/dede/Projets/prestashop/classes/module/Module.php(1240): require_once('/home/dede/Proj...')
#12 /home/dede/Projets/prestashop/controllers/admin/AdminModulesController.php(1394): ModuleCore::getModulesOnDisk(true, false, 1)
#13 /home/dede/Projets/prestashop/classes/controller/Controller.php(180): AdminModulesControllerCore->initContent()
#14 /home/dede/Projets/prestashop/classes/Dispatcher.php(373): ControllerCore->run()
#15 /home/dede/Projets/prestashop/AdM/index.php(54): DispatcherCore->dispatch()
#16 {main}  
[2015-06-09 10:57:19] production.ERROR: exception 'ReflectionException' with message 'Class bootingCallbacks does not exist' in /home/dede/Projets/IlluminatoShop/vendor/illuminate/container/Container.php:776
Stack trace:
#0 /home/dede/Projets/IlluminatoShop/vendor/illuminate/container/Container.php(776): ReflectionClass->__construct('bootingCallback...')
#1 /home/dede/Projets/IlluminatoShop/vendor/illuminate/container/Container.php(656): Illuminate\Container\Container->build('bootingCallback...', Array)
#2 /home/dede/Projets/IlluminatoShop/vendor/illuminate/container/Container.php(1231): Illuminate\Container\Container->make('bootingCallback...')
#3 /home/dede/Projets/IlluminatoShop/vendor/illuminate/container/Container.php(1276): Illuminate\Container\Container->offsetGet('bootingCallback...')
#4 /home/dede/Projets/IlluminatoShop/src/Application.php(367): Illuminate\Container\Container->__get('bootingCallback...')
#5 /home/dede/Projets/IlluminatoShop/src/BootProviders.php(15): Illuminato\Application->boot()
#6 /home/dede/Projets/IlluminatoShop/src/Application.php(301): Illuminato\BootProviders->bootstrap(Object(Illuminato\Application))
#7 /home/dede/Projets/IlluminatoShop/src/Kernel.php(199): Illuminato\Application->bootstrapWith(Array)
#8 /home/dede/Projets/IlluminatoShop/src/Kernel.php(110): Illuminato\Kernel->bootstrap()
#9 /home/dede/Projets/IlluminatoShop/src/Kernel.php(84): Illuminato\Kernel->sendRequestThroughRouter(Object(Illuminate\Http\Request))
#10 /home/dede/Projets/IlluminatoShop/illuminato.php(58): Illuminato\Kernel->handle(Object(Illuminate\Http\Request))
#11 /home/dede/Projets/prestashop/classes/module/Module.php(1240): require_once('/home/dede/Proj...')
#12 /home/dede/Projets/prestashop/controllers/admin/AdminModulesController.php(1394): ModuleCore::getModulesOnDisk(true, false, 1)
#13 /home/dede/Projets/prestashop/classes/controller/Controller.php(180): AdminModulesControllerCore->initContent()
#14 /home/dede/Projets/prestashop/classes/Dispatcher.php(373): ControllerCore->run()
#15 /home/dede/Projets/prestashop/AdM/index.php(54): DispatcherCore->dispatch()
#16 {main}  
[2015-06-09 10:57:29] production.ERROR: exception 'ReflectionException' with message 'Class bootingCallbacks does not exist' in /home/dede/Projets/IlluminatoShop/vendor/illuminate/container/Container.php:776
Stack trace:
#0 /home/dede/Projets/IlluminatoShop/vendor/illuminate/container/Container.php(776): ReflectionClass->__construct('bootingCallback...')
#1 /home/dede/Projets/IlluminatoShop/vendor/illuminate/container/Container.php(656): Illuminate\Container\Container->build('bootingCallback...', Array)
#2 /home/dede/Projets/IlluminatoShop/vendor/illuminate/container/Container.php(1231): Illuminate\Container\Container->make('bootingCallback...')
#3 /home/dede/Projets/IlluminatoShop/vendor/illuminate/container/Container.php(1276): Illuminate\Container\Container->offsetGet('bootingCallback...')
#4 /home/dede/Projets/IlluminatoShop/src/Application.php(367): Illuminate\Container\Container->__get('bootingCallback...')
#5 /home/dede/Projets/IlluminatoShop/src/BootProviders.php(15): Illuminato\Application->boot()
#6 /home/dede/Projets/IlluminatoShop/src/Application.php(301): Illuminato\BootProviders->bootstrap(Object(Illuminato\Application))
#7 /home/dede/Projets/IlluminatoShop/src/Kernel.php(199): Illuminato\Application->bootstrapWith(Array)
#8 /home/dede/Projets/IlluminatoShop/src/Kernel.php(110): Illuminato\Kernel->bootstrap()
#9 /home/dede/Projets/IlluminatoShop/src/Kernel.php(84): Illuminato\Kernel->sendRequestThroughRouter(Object(Illuminate\Http\Request))
#10 /home/dede/Projets/IlluminatoShop/illuminato.php(58): Illuminato\Kernel->handle(Object(Illuminate\Http\Request))
#11 /home/dede/Projets/prestashop/classes/module/Module.php(1240): require_once('/home/dede/Proj...')
#12 /home/dede/Projets/prestashop/controllers/admin/AdminModulesController.php(1394): ModuleCore::getModulesOnDisk(true, false, 1)
#13 /home/dede/Projets/prestashop/classes/controller/Controller.php(180): AdminModulesControllerCore->initContent()
#14 /home/dede/Projets/prestashop/classes/Dispatcher.php(373): ControllerCore->run()
#15 /home/dede/Projets/prestashop/AdM/index.php(54): DispatcherCore->dispatch()
#16 {main}  
[2015-06-09 10:59:34] production.ERROR: exception 'ReflectionException' with message 'Class bootingCallbacks does not exist' in /home/dede/Projets/IlluminatoShop/vendor/illuminate/container/Container.php:776
Stack trace:
#0 /home/dede/Projets/IlluminatoShop/vendor/illuminate/container/Container.php(776): ReflectionClass->__construct('bootingCallback...')
#1 /home/dede/Projets/IlluminatoShop/vendor/illuminate/container/Container.php(656): Illuminate\Container\Container->build('bootingCallback...', Array)
#2 /home/dede/Projets/IlluminatoShop/vendor/illuminate/container/Container.php(1231): Illuminate\Container\Container->make('bootingCallback...')
#3 /home/dede/Projets/IlluminatoShop/vendor/illuminate/container/Container.php(1276): Illuminate\Container\Container->offsetGet('bootingCallback...')
#4 /home/dede/Projets/IlluminatoShop/src/Application.php(367): Illuminate\Container\Container->__get('bootingCallback...')
#5 /home/dede/Projets/IlluminatoShop/src/BootProviders.php(15): Illuminato\Application->boot()
#6 /home/dede/Projets/IlluminatoShop/src/Application.php(301): Illuminato\BootProviders->bootstrap(Object(Illuminato\Application))
#7 /home/dede/Projets/IlluminatoShop/src/Kernel.php(199): Illuminato\Application->bootstrapWith(Array)
#8 /home/dede/Projets/IlluminatoShop/src/Kernel.php(110): Illuminato\Kernel->bootstrap()
#9 /home/dede/Projets/IlluminatoShop/src/Kernel.php(84): Illuminato\Kernel->sendRequestThroughRouter(Object(Illuminate\Http\Request))
#10 /home/dede/Projets/IlluminatoShop/illuminato.php(58): Illuminato\Kernel->handle(Object(Illuminate\Http\Request))
#11 /home/dede/Projets/prestashop/classes/module/Module.php(1240): require_once('/home/dede/Proj...')
#12 /home/dede/Projets/prestashop/controllers/admin/AdminModulesController.php(1394): ModuleCore::getModulesOnDisk(true, false, 1)
#13 /home/dede/Projets/prestashop/classes/controller/Controller.php(180): AdminModulesControllerCore->initContent()
#14 /home/dede/Projets/prestashop/classes/Dispatcher.php(373): ControllerCore->run()
#15 /home/dede/Projets/prestashop/AdM/index.php(54): DispatcherCore->dispatch()
#16 {main}  
[2015-06-09 10:59:35] production.ERROR: exception 'ReflectionException' with message 'Class bootingCallbacks does not exist' in /home/dede/Projets/IlluminatoShop/vendor/illuminate/container/Container.php:776
Stack trace:
#0 /home/dede/Projets/IlluminatoShop/vendor/illuminate/container/Container.php(776): ReflectionClass->__construct('bootingCallback...')
#1 /home/dede/Projets/IlluminatoShop/vendor/illuminate/container/Container.php(656): Illuminate\Container\Container->build('bootingCallback...', Array)
#2 /home/dede/Projets/IlluminatoShop/vendor/illuminate/container/Container.php(1231): Illuminate\Container\Container->make('bootingCallback...')
#3 /home/dede/Projets/IlluminatoShop/vendor/illuminate/container/Container.php(1276): Illuminate\Container\Container->offsetGet('bootingCallback...')
#4 /home/dede/Projets/IlluminatoShop/src/Application.php(367): Illuminate\Container\Container->__get('bootingCallback...')
#5 /home/dede/Projets/IlluminatoShop/src/BootProviders.php(15): Illuminato\Application->boot()
#6 /home/dede/Projets/IlluminatoShop/src/Application.php(301): Illuminato\BootProviders->bootstrap(Object(Illuminato\Application))
#7 /home/dede/Projets/IlluminatoShop/src/Kernel.php(199): Illuminato\Application->bootstrapWith(Array)
#8 /home/dede/Projets/IlluminatoShop/src/Kernel.php(110): Illuminato\Kernel->bootstrap()
#9 /home/dede/Projets/IlluminatoShop/src/Kernel.php(84): Illuminato\Kernel->sendRequestThroughRouter(Object(Illuminate\Http\Request))
#10 /home/dede/Projets/IlluminatoShop/illuminato.php(58): Illuminato\Kernel->handle(Object(Illuminate\Http\Request))
#11 /home/dede/Projets/prestashop/classes/module/Module.php(1240): require_once('/home/dede/Proj...')
#12 /home/dede/Projets/prestashop/controllers/admin/AdminStatsController.php(117): ModuleCore::getModulesOnDisk(true, false, 1)
#13 /home/dede/Projets/prestashop/controllers/admin/AdminStatsController.php(567): AdminStatsControllerCore::getModulesToUpdate()
#14 /home/dede/Projets/prestashop/classes/controller/Controller.php(193): AdminStatsControllerCore->displayAjaxGetKpi()
#15 /home/dede/Projets/prestashop/classes/Dispatcher.php(373): ControllerCore->run()
#16 /home/dede/Projets/prestashop/AdM/index.php(54): DispatcherCore->dispatch()
#17 {main}  
[2015-06-09 10:59:36] production.ERROR: exception 'ReflectionException' with message 'Class bootingCallbacks does not exist' in /home/dede/Projets/IlluminatoShop/vendor/illuminate/container/Container.php:776
Stack trace:
#0 /home/dede/Projets/IlluminatoShop/vendor/illuminate/container/Container.php(776): ReflectionClass->__construct('bootingCallback...')
#1 /home/dede/Projets/IlluminatoShop/vendor/illuminate/container/Container.php(656): Illuminate\Container\Container->build('bootingCallback...', Array)
#2 /home/dede/Projets/IlluminatoShop/vendor/illuminate/container/Container.php(1231): Illuminate\Container\Container->make('bootingCallback...')
#3 /home/dede/Projets/IlluminatoShop/vendor/illuminate/container/Container.php(1276): Illuminate\Container\Container->offsetGet('bootingCallback...')
#4 /home/dede/Projets/IlluminatoShop/src/Application.php(367): Illuminate\Container\Container->__get('bootingCallback...')
#5 /home/dede/Projets/IlluminatoShop/src/BootProviders.php(15): Illuminato\Application->boot()
#6 /home/dede/Projets/IlluminatoShop/src/Application.php(301): Illuminato\BootProviders->bootstrap(Object(Illuminato\Application))
#7 /home/dede/Projets/IlluminatoShop/src/Kernel.php(199): Illuminato\Application->bootstrapWith(Array)
#8 /home/dede/Projets/IlluminatoShop/src/Kernel.php(110): Illuminato\Kernel->bootstrap()
#9 /home/dede/Projets/IlluminatoShop/src/Kernel.php(84): Illuminato\Kernel->sendRequestThroughRouter(Object(Illuminate\Http\Request))
#10 /home/dede/Projets/IlluminatoShop/illuminato.php(58): Illuminato\Kernel->handle(Object(Illuminate\Http\Request))
#11 /home/dede/Projets/prestashop/classes/module/Module.php(1240): require_once('/home/dede/Proj...')
#12 /home/dede/Projets/prestashop/controllers/admin/AdminModulesController.php(1394): ModuleCore::getModulesOnDisk(true, false, 1)
#13 /home/dede/Projets/prestashop/classes/controller/Controller.php(180): AdminModulesControllerCore->initContent()
#14 /home/dede/Projets/prestashop/classes/Dispatcher.php(373): ControllerCore->run()
#15 /home/dede/Projets/prestashop/AdM/ajax-tab.php(43): DispatcherCore->dispatch()
#16 {main}  
